2023.12.12 16:33:50 INFO  Started: Metals version 1.1.0 in folders '/home/guest/fun/codewars/scala' for client Visual Studio Code 1.85.0.[0m
2023.12.12 16:33:54 INFO  no build target found for /home/guest/fun/codewars/scala/FindTheParityOutlier.scala. Using presentation compiler with project's scala-library version: 3.3.1[0m
2023.12.12 16:33:54 INFO  Running List(/home/guest/.local/share/coursier/bin/scala-cli, setup-ide, /home/guest/fun/codewars/scala)[0m
2023.12.12 16:33:55 INFO  Attempting to connect to the build server...[0m
2023.12.12 16:33:55 INFO  Running BSP server List(/home/guest/.local/share/coursier/bin/.scala-cli.aux, bsp, --json-options, /home/guest/fun/codewars/scala/.scala-build/ide-options-v2.json, /home/guest/fun/codewars/scala)[0m
2023.12.12 16:33:55 INFO  tracing is disabled for protocol BSP, to enable tracing of incoming and outgoing JSON messages create an empty file at /home/guest/fun/codewars/scala/.metals/bsp.trace.json or /home/guest/.cache/metals/bsp.trace.json[0m
2023.12.12 16:33:55 INFO  BSP server: Starting compilation server[0m
2023.12.12 16:33:54 WARN  Could not find semantic tokens for: file:///home/guest/fun/codewars/scala/FindTheParityOutlier.scala[0m
2023.12.12 16:33:57 INFO  time: Connected to build server in 2.24s[0m
2023.12.12 16:33:57 INFO  Connected to Build server: scala-cli v1.1.0[0m
2023.12.12 16:33:57 INFO  compiling scala_bd2c96d2de (1 scala source)[0m
2023.12.12 16:33:58 INFO  file:///home/guest/fun/codewars/scala/FindTheParityOutlier.scala:1:1: stale bloop error: Illegal start of toplevel definition
Find The Parity Outlier
^^^^[0m
2023.12.12 16:33:58 INFO  time: Imported build in 1.62s[0m
2023.12.12 16:33:58 INFO  compiling scala_bd2c96d2de (1 scala source)[0m
2023.12.12 16:33:58 INFO  file:///home/guest/fun/codewars/scala/FindTheParityOutlier.scala:1:1: stale bloop error: Illegal start of toplevel definition
Find The Parity Outlier
^^^^[0m
2023.12.12 16:33:58 INFO  time: compiled scala_bd2c96d2de in 0.15s[0m
2023.12.12 16:34:00 WARN  Could not find java sources in /usr/lib/jvm/src.zip, /usr/lib/jvm/lib/src.zip, /usr/lib/jvm/java-17-openjdk-amd64/src.zip, /usr/lib/jvm/java-17-openjdk-amd64/lib/src.zip, /usr/lib/jvm/src.zip, /usr/lib/jvm/lib/src.zip, /usr/lib/jvm/java-17-openjdk-amd64/src.zip, /usr/lib/jvm/java-17-openjdk-amd64/lib/src.zip. Java symbols will not be available.[0m
2023.12.12 16:34:00 WARN  Could not find java sources in /usr/lib/jvm/src.zip, /usr/lib/jvm/lib/src.zip, /usr/lib/jvm/java-17-openjdk-amd64/src.zip, /usr/lib/jvm/java-17-openjdk-amd64/lib/src.zip, /usr/lib/jvm/src.zip, /usr/lib/jvm/lib/src.zip, /usr/lib/jvm/java-17-openjdk-amd64/src.zip, /usr/lib/jvm/java-17-openjdk-amd64/lib/src.zip. Java symbols will not be available.[0m
2023.12.12 16:34:00 WARN  Could not find java sources in /usr/lib/jvm/src.zip, /usr/lib/jvm/lib/src.zip, /usr/lib/jvm/java-17-openjdk-amd64/src.zip, /usr/lib/jvm/java-17-openjdk-amd64/lib/src.zip, /usr/lib/jvm/src.zip, /usr/lib/jvm/lib/src.zip, /usr/lib/jvm/java-17-openjdk-amd64/src.zip, /usr/lib/jvm/java-17-openjdk-amd64/lib/src.zip. Java symbols will not be available.[0m
2023.12.12 16:34:00 INFO  time: indexed workspace in 1.55s[0m
2023.12.12 16:34:00 INFO  compiling scala_bd2c96d2de (1 scala source)[0m
2023.12.12 16:34:00 INFO  file:///home/guest/fun/codewars/scala/FindTheParityOutlier.scala:1:1: stale bloop error: Illegal start of toplevel definition
Find The Parity Outlier
^^^^[0m
2023.12.12 16:34:02 INFO  time: compiled scala_bd2c96d2de in 1.56s[0m
2023.12.12 16:34:02 INFO  compiling scala_bd2c96d2de (1 scala source)[0m
2023.12.12 16:34:02 INFO  file:///home/guest/fun/codewars/scala/FindTheParityOutlier.scala:1:1: stale bloop error: Illegal start of toplevel definition
Find The Parity Outlier
^^^^[0m
2023.12.12 16:34:02 INFO  time: compiled scala_bd2c96d2de in 0.13s[0m
2023.12.12 16:34:24 WARN  Could not find semantic tokens for: file:///home/guest/fun/codewars/scala/FindTheParityOutlier.scala[0m
2023.12.12 16:34:28 INFO  compiling scala_bd2c96d2de (1 scala source)[0m
2023.12.12 16:34:28 INFO  time: compiled scala_bd2c96d2de in 0.31s[0m
2023.12.12 16:34:28 WARN  Could not find semantic tokens for: file:///home/guest/fun/codewars/scala/FindTheParityOutlier.scala[0m
2023.12.12 16:34:32 INFO  compiling scala_bd2c96d2de (1 scala source)[0m
2023.12.12 16:34:34 INFO  time: compiled scala_bd2c96d2de in 1.39s[0m
2023.12.12 16:35:47 INFO  compiling scala_bd2c96d2de (1 scala source)[0m
2023.12.12 16:35:48 INFO  time: compiled scala_bd2c96d2de in 1.05s[0m
2023.12.12 16:35:48 WARN  Could not load snapshot text for /home/guest/fun/codewars/scala/FindTheParityOutlier.scala[0m
2023.12.12 16:35:52 WARN  Could not load snapshot text for /home/guest/fun/codewars/scala/FindTheParityOutlier.scala[0m
2023.12.12 16:35:53 WARN  Could not load snapshot text for /home/guest/fun/codewars/scala/FindTheParityOutlier.scala[0m
2023.12.12 16:35:55 WARN  Could not load snapshot text for /home/guest/fun/codewars/scala/FindTheParityOutlier.scala[0m
2023.12.12 16:36:01 WARN  Could not load snapshot text for /home/guest/fun/codewars/scala/FindTheParityOutlier.scala[0m
2023.12.12 16:36:01 WARN  Could not load snapshot text for /home/guest/fun/codewars/scala/FindTheParityOutlier.scala[0m
2023.12.12 16:36:02 WARN  Could not load snapshot text for /home/guest/fun/codewars/scala/FindTheParityOutlier.scala[0m
2023.12.12 16:36:03 WARN  Could not load snapshot text for /home/guest/fun/codewars/scala/FindTheParityOutlier.scala[0m
2023.12.12 16:36:07 WARN  Could not load snapshot text for /home/guest/fun/codewars/scala/FindTheParityOutlier.scala[0m
2023.12.12 16:36:08 WARN  Could not load snapshot text for /home/guest/fun/codewars/scala/FindTheParityOutlier.scala[0m
2023.12.12 16:36:15 WARN  Could not load snapshot text for /home/guest/fun/codewars/scala/FindTheParityOutlier.scala[0m
2023.12.12 16:36:17 WARN  Could not load snapshot text for /home/guest/fun/codewars/scala/FindTheParityOutlier.scala[0m
2023.12.12 16:36:20 WARN  Could not load snapshot text for /home/guest/fun/codewars/scala/FindTheParityOutlier.scala[0m
2023.12.12 16:36:22 WARN  Could not load snapshot text for /home/guest/fun/codewars/scala/FindTheParityOutlier.scala[0m
2023.12.12 16:36:26 WARN  Could not load snapshot text for /home/guest/fun/codewars/scala/FindTheParityOutlier.scala[0m
2023.12.12 16:36:27 WARN  Could not load snapshot text for /home/guest/fun/codewars/scala/FindTheParityOutlier.scala[0m
2023.12.12 16:36:28 WARN  Could not load snapshot text for /home/guest/fun/codewars/scala/FindTheParityOutlier.scala[0m
2023.12.12 16:36:29 WARN  Could not load snapshot text for /home/guest/fun/codewars/scala/FindTheParityOutlier.scala[0m
2023.12.12 16:36:29 WARN  Could not load snapshot text for /home/guest/fun/codewars/scala/FindTheParityOutlier.scala[0m
2023.12.12 16:36:29 WARN  Could not load snapshot text for /home/guest/fun/codewars/scala/FindTheParityOutlier.scala[0m
2023.12.12 16:36:31 WARN  Could not load snapshot text for /home/guest/fun/codewars/scala/FindTheParityOutlier.scala[0m
2023.12.12 16:36:32 WARN  Could not load snapshot text for /home/guest/fun/codewars/scala/FindTheParityOutlier.scala[0m
2023.12.12 16:36:32 WARN  Could not load snapshot text for /home/guest/fun/codewars/scala/FindTheParityOutlier.scala[0m
2023.12.12 16:36:33 WARN  Could not load snapshot text for /home/guest/fun/codewars/scala/FindTheParityOutlier.scala[0m
2023.12.12 16:36:38 WARN  Could not load snapshot text for /home/guest/fun/codewars/scala/FindTheParityOutlier.scala[0m
2023.12.12 16:36:39 WARN  Could not load snapshot text for /home/guest/fun/codewars/scala/FindTheParityOutlier.scala[0m
2023.12.12 16:36:41 WARN  Could not load snapshot text for /home/guest/fun/codewars/scala/FindTheParityOutlier.scala[0m
2023.12.12 16:36:42 WARN  Could not load snapshot text for /home/guest/fun/codewars/scala/FindTheParityOutlier.scala[0m
2023.12.12 16:37:19 WARN  Could not load snapshot text for /home/guest/fun/codewars/scala/FindTheParityOutlier.scala[0m
2023.12.12 16:37:22 WARN  Could not load snapshot text for /home/guest/fun/codewars/scala/FindTheParityOutlier.scala[0m
2023.12.12 16:37:22 INFO  compiling scala_bd2c96d2de (1 scala source)[0m
2023.12.12 16:37:22 INFO  time: compiled scala_bd2c96d2de in 0.21s[0m
2023.12.12 16:37:23 WARN  Could not load snapshot text for /home/guest/fun/codewars/scala/FindTheParityOutlier.scala[0m
2023.12.12 16:38:08 WARN  Could not load snapshot text for /home/guest/fun/codewars/scala/FindTheParityOutlier.scala[0m
2023.12.12 16:38:28 WARN  Could not load snapshot text for /home/guest/fun/codewars/scala/FindTheParityOutlier.scala[0m
2023.12.12 16:38:46 WARN  Could not load snapshot text for /home/guest/fun/codewars/scala/FindTheParityOutlier.scala[0m
2023.12.12 16:38:55 WARN  Could not load snapshot text for /home/guest/fun/codewars/scala/FindTheParityOutlier.scala[0m
2023.12.12 16:38:56 WARN  Could not load snapshot text for /home/guest/fun/codewars/scala/FindTheParityOutlier.scala[0m
2023.12.12 16:38:57 WARN  Could not load snapshot text for /home/guest/fun/codewars/scala/FindTheParityOutlier.scala[0m
2023.12.12 16:38:57 WARN  Could not load snapshot text for /home/guest/fun/codewars/scala/FindTheParityOutlier.scala[0m
2023.12.12 16:38:58 WARN  Could not load snapshot text for /home/guest/fun/codewars/scala/FindTheParityOutlier.scala[0m
2023.12.12 16:38:59 WARN  Could not load snapshot text for /home/guest/fun/codewars/scala/FindTheParityOutlier.scala[0m
2023.12.12 16:39:00 WARN  Could not load snapshot text for /home/guest/fun/codewars/scala/FindTheParityOutlier.scala[0m
2023.12.12 16:39:01 WARN  Could not load snapshot text for /home/guest/fun/codewars/scala/FindTheParityOutlier.scala[0m
2023.12.12 16:39:02 WARN  Could not load snapshot text for /home/guest/fun/codewars/scala/FindTheParityOutlier.scala[0m
2023.12.12 16:39:05 WARN  Could not load snapshot text for /home/guest/fun/codewars/scala/FindTheParityOutlier.scala[0m
2023.12.12 16:39:07 WARN  Could not load snapshot text for /home/guest/fun/codewars/scala/FindTheParityOutlier.scala[0m
2023.12.12 16:39:11 WARN  Could not load snapshot text for /home/guest/fun/codewars/scala/FindTheParityOutlier.scala[0m
2023.12.12 16:39:13 WARN  Could not load snapshot text for /home/guest/fun/codewars/scala/FindTheParityOutlier.scala[0m
2023.12.12 16:39:14 WARN  Could not load snapshot text for /home/guest/fun/codewars/scala/FindTheParityOutlier.scala[0m
2023.12.12 16:39:14 INFO  compiling scala_bd2c96d2de (1 scala source)[0m
2023.12.12 16:39:14 INFO  time: compiled scala_bd2c96d2de in 0.19s[0m
2023.12.12 16:39:15 WARN  Could not load snapshot text for /home/guest/fun/codewars/scala/FindTheParityOutlier.scala[0m
2023.12.12 16:39:38 WARN  Could not load snapshot text for /home/guest/fun/codewars/scala/FindTheParityOutlier.scala[0m
2023.12.12 16:39:41 WARN  Could not load snapshot text for /home/guest/fun/codewars/scala/FindTheParityOutlier.scala[0m
2023.12.12 16:39:44 WARN  Could not load snapshot text for /home/guest/fun/codewars/scala/FindTheParityOutlier.scala[0m
2023.12.12 16:39:45 WARN  Could not load snapshot text for /home/guest/fun/codewars/scala/FindTheParityOutlier.scala[0m
2023.12.12 16:39:46 WARN  Could not load snapshot text for /home/guest/fun/codewars/scala/FindTheParityOutlier.scala[0m
2023.12.12 16:39:47 WARN  Could not load snapshot text for /home/guest/fun/codewars/scala/FindTheParityOutlier.scala[0m
2023.12.12 16:39:48 WARN  Could not load snapshot text for /home/guest/fun/codewars/scala/FindTheParityOutlier.scala[0m
2023.12.12 16:39:48 INFO  compiling scala_bd2c96d2de (1 scala source)[0m
2023.12.12 16:39:48 INFO  time: compiled scala_bd2c96d2de in 0.51s[0m
2023.12.12 16:39:49 WARN  Could not load snapshot text for /home/guest/fun/codewars/scala/FindTheParityOutlier.scala[0m
2023.12.12 16:39:53 WARN  Could not load snapshot text for /home/guest/fun/codewars/scala/FindTheParityOutlier.scala[0m
2023.12.12 16:39:54 WARN  Could not load snapshot text for /home/guest/fun/codewars/scala/FindTheParityOutlier.scala[0m
2023.12.12 16:39:55 ERROR Failed to tokenize input for semantic tokens for /home/guest/fun/codewars/scala/FindTheParityOutlier.scala
scala.meta.tokenizers.TokenizeException: <input>:4: error: Invalid literal number
    val part1 = integers.filter(_ % 2!=0I)
                                       ^
	at scala.meta.internal.tokenizers.Reporter.syntaxError(Reporter.scala:23)
	at scala.meta.internal.tokenizers.Reporter.syntaxError$(Reporter.scala:23)
	at scala.meta.internal.tokenizers.Reporter$$anon$1.syntaxError(Reporter.scala:33)
	at scala.meta.internal.tokenizers.Reporter.syntaxError(Reporter.scala:25)
	at scala.meta.internal.tokenizers.Reporter.syntaxError$(Reporter.scala:25)
	at scala.meta.internal.tokenizers.Reporter$$anon$1.syntaxError(Reporter.scala:33)
	at scala.meta.internal.tokenizers.LegacyScanner.checkNoLetter(LegacyScanner.scala:820)
	at scala.meta.internal.tokenizers.LegacyScanner.restOfUncertainToken$1(LegacyScanner.scala:864)
	at scala.meta.internal.tokenizers.LegacyScanner.getNumber(LegacyScanner.scala:872)
	at scala.meta.internal.tokenizers.LegacyScanner.fetchZero$1(LegacyScanner.scala:330)
	at scala.meta.internal.tokenizers.LegacyScanner.fetchToken(LegacyScanner.scala:332)
	at scala.meta.internal.tokenizers.LegacyScanner.nextToken(LegacyScanner.scala:211)
	at scala.meta.internal.tokenizers.LegacyScanner.foreach(LegacyScanner.scala:1011)
	at scala.meta.internal.tokenizers.ScalametaTokenizer.uncachedTokenize(ScalametaTokenizer.scala:24)
	at scala.meta.internal.tokenizers.ScalametaTokenizer.$anonfun$tokenize$1(ScalametaTokenizer.scala:17)
	at scala.collection.concurrent.TrieMap.getOrElseUpdate(TrieMap.scala:962)
	at scala.meta.internal.tokenizers.ScalametaTokenizer.tokenize(ScalametaTokenizer.scala:17)
	at scala.meta.internal.tokenizers.ScalametaTokenizer$$anon$2.apply(ScalametaTokenizer.scala:332)
	at scala.meta.tokenizers.Api$XtensionTokenizeDialectInput.tokenize(Api.scala:25)
	at scala.meta.tokenizers.Api$XtensionTokenizeInputLike.tokenize(Api.scala:14)
	at scala.meta.internal.metals.SemanticTokensProvider$.getTokens(SemanticTokensProvider.scala:28)
	at scala.meta.internal.metals.SemanticTokensProvider$.provide(SemanticTokensProvider.scala:89)
	at scala.meta.internal.metals.Compilers.$anonfun$semanticTokens$3(Compilers.scala:539)
	at scala.concurrent.impl.Promise$Transformation.run(Promise.scala:467)
	at java.util.concurrent.ThreadPoolExecutor.runWorker(ThreadPoolExecutor.java:1136)
	at java.util.concurrent.ThreadPoolExecutor$Worker.run(ThreadPoolExecutor.java:635)
	at java.lang.Thread.run(Thread.java:833)
[0m
2023.12.12 16:39:57 WARN  Could not load snapshot text for /home/guest/fun/codewars/scala/FindTheParityOutlier.scala[0m
2023.12.12 16:40:00 INFO  compiling scala_bd2c96d2de (1 scala source)[0m
2023.12.12 16:40:00 INFO  time: compiled scala_bd2c96d2de in 0.46s[0m
2023.12.12 16:40:00 WARN  Could not load snapshot text for /home/guest/fun/codewars/scala/FindTheParityOutlier.scala[0m
2023.12.12 16:40:05 WARN  Could not load snapshot text for /home/guest/fun/codewars/scala/FindTheParityOutlier.scala[0m
2023.12.12 16:40:06 WARN  Could not load snapshot text for /home/guest/fun/codewars/scala/FindTheParityOutlier.scala[0m
2023.12.12 16:40:08 INFO  compiling scala_bd2c96d2de (1 scala source)[0m
2023.12.12 16:40:08 INFO  time: compiled scala_bd2c96d2de in 0.35s[0m
2023.12.12 16:40:08 WARN  Could not load snapshot text for /home/guest/fun/codewars/scala/FindTheParityOutlier.scala[0m
2023.12.12 16:40:10 INFO  compiling scala_bd2c96d2de (1 scala source)[0m
2023.12.12 16:40:10 INFO  time: compiled scala_bd2c96d2de in 0.31s[0m
2023.12.12 16:40:11 WARN  Could not load snapshot text for /home/guest/fun/codewars/scala/FindTheParityOutlier.scala[0m
2023.12.12 16:40:15 WARN  Could not load snapshot text for /home/guest/fun/codewars/scala/FindTheParityOutlier.scala[0m
2023.12.12 16:40:16 WARN  Could not load snapshot text for /home/guest/fun/codewars/scala/FindTheParityOutlier.scala[0m
2023.12.12 16:40:18 WARN  Could not load snapshot text for /home/guest/fun/codewars/scala/FindTheParityOutlier.scala[0m
2023.12.12 16:40:22 INFO  compiling scala_bd2c96d2de (1 scala source)[0m
2023.12.12 16:40:22 INFO  time: compiled scala_bd2c96d2de in 0.3s[0m
2023.12.12 16:40:23 WARN  Could not load snapshot text for /home/guest/fun/codewars/scala/FindTheParityOutlier.scala[0m
Dec 12, 2023 4:40:29 PM org.eclipse.lsp4j.jsonrpc.RemoteEndpoint handleCancellation
WARNING: Unmatched cancel notification for request id 487
2023.12.12 16:40:29 WARN  Could not load snapshot text for /home/guest/fun/codewars/scala/FindTheParityOutlier.scala[0m
2023.12.12 16:40:29 WARN  Could not load snapshot text for /home/guest/fun/codewars/scala/FindTheParityOutlier.scala[0m
2023.12.12 16:40:29 WARN  Could not load snapshot text for /home/guest/fun/codewars/scala/FindTheParityOutlier.scala[0m
2023.12.12 16:40:29 WARN  Could not load snapshot text for /home/guest/fun/codewars/scala/FindTheParityOutlier.scala[0m
2023.12.12 16:40:44 WARN  Could not load snapshot text for /home/guest/fun/codewars/scala/FindTheParityOutlier.scala[0m
2023.12.12 16:40:46 WARN  Could not load snapshot text for /home/guest/fun/codewars/scala/FindTheParityOutlier.scala[0m
2023.12.12 16:40:46 INFO  compiling scala_bd2c96d2de (1 scala source)[0m
2023.12.12 16:40:46 INFO  time: compiled scala_bd2c96d2de in 0.29s[0m
2023.12.12 16:40:47 WARN  Could not load snapshot text for /home/guest/fun/codewars/scala/FindTheParityOutlier.scala[0m
2023.12.12 16:40:56 WARN  Could not load snapshot text for /home/guest/fun/codewars/scala/FindTheParityOutlier.scala[0m
2023.12.12 16:40:58 WARN  Could not load snapshot text for /home/guest/fun/codewars/scala/FindTheParityOutlier.scala[0m
2023.12.12 16:41:00 WARN  Could not load snapshot text for /home/guest/fun/codewars/scala/FindTheParityOutlier.scala[0m
2023.12.12 16:41:01 WARN  Could not load snapshot text for /home/guest/fun/codewars/scala/FindTheParityOutlier.scala[0m
2023.12.12 16:41:01 WARN  Could not load snapshot text for /home/guest/fun/codewars/scala/FindTheParityOutlier.scala[0m
2023.12.12 16:41:02 WARN  Could not load snapshot text for /home/guest/fun/codewars/scala/FindTheParityOutlier.scala[0m
2023.12.12 16:41:02 WARN  Could not load snapshot text for /home/guest/fun/codewars/scala/FindTheParityOutlier.scala[0m
2023.12.12 16:41:02 WARN  Could not load snapshot text for /home/guest/fun/codewars/scala/FindTheParityOutlier.scala[0m
2023.12.12 16:41:05 WARN  Could not load snapshot text for /home/guest/fun/codewars/scala/FindTheParityOutlier.scala[0m
2023.12.12 16:41:06 WARN  Could not load snapshot text for /home/guest/fun/codewars/scala/FindTheParityOutlier.scala[0m
2023.12.12 16:41:07 WARN  Could not load snapshot text for /home/guest/fun/codewars/scala/FindTheParityOutlier.scala[0m
2023.12.12 16:41:08 WARN  Could not load snapshot text for /home/guest/fun/codewars/scala/FindTheParityOutlier.scala[0m
2023.12.12 16:41:13 WARN  Could not load snapshot text for /home/guest/fun/codewars/scala/FindTheParityOutlier.scala[0m
2023.12.12 16:41:14 WARN  Could not load snapshot text for /home/guest/fun/codewars/scala/FindTheParityOutlier.scala[0m
2023.12.12 16:41:15 WARN  Could not load snapshot text for /home/guest/fun/codewars/scala/FindTheParityOutlier.scala[0m
2023.12.12 16:41:15 WARN  Could not load snapshot text for /home/guest/fun/codewars/scala/FindTheParityOutlier.scala[0m
2023.12.12 16:41:15 WARN  Could not load snapshot text for /home/guest/fun/codewars/scala/FindTheParityOutlier.scala[0m
2023.12.12 16:41:18 WARN  Could not load snapshot text for /home/guest/fun/codewars/scala/FindTheParityOutlier.scala[0m
2023.12.12 16:41:18 WARN  Could not load snapshot text for /home/guest/fun/codewars/scala/FindTheParityOutlier.scala[0m
2023.12.12 16:41:22 WARN  Could not load snapshot text for /home/guest/fun/codewars/scala/FindTheParityOutlier.scala[0m
2023.12.12 16:41:23 WARN  Could not load snapshot text for /home/guest/fun/codewars/scala/FindTheParityOutlier.scala[0m
2023.12.12 16:41:24 WARN  Could not load snapshot text for /home/guest/fun/codewars/scala/FindTheParityOutlier.scala[0m
2023.12.12 16:41:25 WARN  Could not load snapshot text for /home/guest/fun/codewars/scala/FindTheParityOutlier.scala[0m
2023.12.12 16:41:26 WARN  Could not load snapshot text for /home/guest/fun/codewars/scala/FindTheParityOutlier.scala[0m
2023.12.12 16:41:27 WARN  Could not load snapshot text for /home/guest/fun/codewars/scala/FindTheParityOutlier.scala[0m
2023.12.12 16:41:27 WARN  Could not load snapshot text for /home/guest/fun/codewars/scala/FindTheParityOutlier.scala[0m
2023.12.12 16:41:29 WARN  Could not load snapshot text for /home/guest/fun/codewars/scala/FindTheParityOutlier.scala[0m
2023.12.12 16:41:31 WARN  Could not load snapshot text for /home/guest/fun/codewars/scala/FindTheParityOutlier.scala[0m
2023.12.12 16:41:32 WARN  Could not load snapshot text for /home/guest/fun/codewars/scala/FindTheParityOutlier.scala[0m
2023.12.12 16:41:32 WARN  Could not load snapshot text for /home/guest/fun/codewars/scala/FindTheParityOutlier.scala[0m
2023.12.12 16:41:33 WARN  Could not load snapshot text for /home/guest/fun/codewars/scala/FindTheParityOutlier.scala[0m
2023.12.12 16:41:34 WARN  Could not load snapshot text for /home/guest/fun/codewars/scala/FindTheParityOutlier.scala[0m
2023.12.12 16:41:35 WARN  Could not load snapshot text for /home/guest/fun/codewars/scala/FindTheParityOutlier.scala[0m
2023.12.12 16:41:37 WARN  Could not load snapshot text for /home/guest/fun/codewars/scala/FindTheParityOutlier.scala[0m
2023.12.12 16:41:38 WARN  Could not load snapshot text for /home/guest/fun/codewars/scala/FindTheParityOutlier.scala[0m
2023.12.12 16:41:39 WARN  Could not load snapshot text for /home/guest/fun/codewars/scala/FindTheParityOutlier.scala[0m
2023.12.12 16:41:40 WARN  Could not load snapshot text for /home/guest/fun/codewars/scala/FindTheParityOutlier.scala[0m
2023.12.12 16:41:47 WARN  Could not load snapshot text for /home/guest/fun/codewars/scala/FindTheParityOutlier.scala[0m
2023.12.12 16:41:50 WARN  Could not load snapshot text for /home/guest/fun/codewars/scala/FindTheParityOutlier.scala[0m
2023.12.12 16:41:51 WARN  Could not load snapshot text for /home/guest/fun/codewars/scala/FindTheParityOutlier.scala[0m
2023.12.12 16:41:51 WARN  Could not load snapshot text for /home/guest/fun/codewars/scala/FindTheParityOutlier.scala[0m
2023.12.12 16:41:52 WARN  Could not load snapshot text for /home/guest/fun/codewars/scala/FindTheParityOutlier.scala[0m
2023.12.12 16:41:52 WARN  Could not load snapshot text for /home/guest/fun/codewars/scala/FindTheParityOutlier.scala[0m
2023.12.12 16:41:54 WARN  Could not load snapshot text for /home/guest/fun/codewars/scala/FindTheParityOutlier.scala[0m
2023.12.12 16:41:54 WARN  Could not load snapshot text for /home/guest/fun/codewars/scala/FindTheParityOutlier.scala[0m
2023.12.12 16:41:55 WARN  Could not load snapshot text for /home/guest/fun/codewars/scala/FindTheParityOutlier.scala[0m
2023.12.12 16:41:55 WARN  Could not load snapshot text for /home/guest/fun/codewars/scala/FindTheParityOutlier.scala[0m
2023.12.12 16:41:56 WARN  Could not load snapshot text for /home/guest/fun/codewars/scala/FindTheParityOutlier.scala[0m
2023.12.12 16:41:57 WARN  Could not load snapshot text for /home/guest/fun/codewars/scala/FindTheParityOutlier.scala[0m
2023.12.12 16:41:58 WARN  Could not load snapshot text for /home/guest/fun/codewars/scala/FindTheParityOutlier.scala[0m
2023.12.12 16:41:59 WARN  Could not load snapshot text for /home/guest/fun/codewars/scala/FindTheParityOutlier.scala[0m
2023.12.12 16:42:02 WARN  Could not load snapshot text for /home/guest/fun/codewars/scala/FindTheParityOutlier.scala[0m
2023.12.12 16:42:04 WARN  Could not load snapshot text for /home/guest/fun/codewars/scala/FindTheParityOutlier.scala[0m
2023.12.12 16:42:05 WARN  Could not load snapshot text for /home/guest/fun/codewars/scala/FindTheParityOutlier.scala[0m
2023.12.12 16:42:05 INFO  compiling scala_bd2c96d2de (1 scala source)[0m
2023.12.12 16:42:05 INFO  time: compiled scala_bd2c96d2de in 0.13s[0m
2023.12.12 16:42:06 WARN  Could not load snapshot text for /home/guest/fun/codewars/scala/FindTheParityOutlier.scala[0m
2023.12.12 16:42:15 WARN  Could not load snapshot text for /home/guest/fun/codewars/scala/FindTheParityOutlier.scala[0m
2023.12.12 16:42:23 WARN  Could not load snapshot text for /home/guest/fun/codewars/scala/FindTheParityOutlier.scala[0m
2023.12.12 16:42:27 WARN  Could not load snapshot text for /home/guest/fun/codewars/scala/FindTheParityOutlier.scala[0m
2023.12.12 16:42:36 WARN  Could not load snapshot text for /home/guest/fun/codewars/scala/FindTheParityOutlier.scala[0m
2023.12.12 16:42:37 INFO  compiling scala_bd2c96d2de (1 scala source)[0m
2023.12.12 16:42:37 INFO  time: compiled scala_bd2c96d2de in 0.14s[0m
2023.12.12 16:42:38 WARN  Could not load snapshot text for /home/guest/fun/codewars/scala/FindTheParityOutlier.scala[0m
2023.12.12 16:42:42 WARN  Could not load snapshot text for /home/guest/fun/codewars/scala/FindTheParityOutlier.scala[0m
2023.12.12 16:42:42 WARN  Could not load snapshot text for /home/guest/fun/codewars/scala/FindTheParityOutlier.scala[0m
2023.12.12 16:42:42 WARN  Could not load snapshot text for /home/guest/fun/codewars/scala/FindTheParityOutlier.scala[0m
2023.12.12 16:42:42 WARN  Could not load snapshot text for /home/guest/fun/codewars/scala/FindTheParityOutlier.scala[0m
2023.12.12 16:42:57 WARN  Could not load snapshot text for /home/guest/fun/codewars/scala/FindTheParityOutlier.scala[0m
2023.12.12 16:42:59 WARN  Could not load snapshot text for /home/guest/fun/codewars/scala/FindTheParityOutlier.scala[0m
2023.12.12 16:43:53 WARN  Could not load snapshot text for /home/guest/fun/codewars/scala/FindTheParityOutlier.scala[0m
2023.12.12 16:44:19 WARN  Could not load snapshot text for /home/guest/fun/codewars/scala/FindTheParityOutlier.scala[0m
2023.12.12 16:44:23 WARN  Could not load snapshot text for /home/guest/fun/codewars/scala/FindTheParityOutlier.scala[0m
2023.12.12 16:44:23 INFO  compiling scala_bd2c96d2de (1 scala source)[0m
2023.12.12 16:44:23 INFO  time: compiled scala_bd2c96d2de in 0.12s[0m
2023.12.12 16:44:24 WARN  Could not load snapshot text for /home/guest/fun/codewars/scala/FindTheParityOutlier.scala[0m
2023.12.12 16:44:32 WARN  Could not load snapshot text for /home/guest/fun/codewars/scala/FindTheParityOutlier.scala[0m
2023.12.12 16:44:35 WARN  Could not load snapshot text for /home/guest/fun/codewars/scala/FindTheParityOutlier.scala[0m
2023.12.12 16:44:36 WARN  Could not load snapshot text for /home/guest/fun/codewars/scala/FindTheParityOutlier.scala[0m
2023.12.12 16:44:38 WARN  Could not load snapshot text for /home/guest/fun/codewars/scala/FindTheParityOutlier.scala[0m
2023.12.12 16:44:43 INFO  compiling scala_bd2c96d2de (1 scala source)[0m
2023.12.12 16:44:43 INFO  time: compiled scala_bd2c96d2de in 0.32s[0m
2023.12.12 16:44:44 WARN  Could not load snapshot text for /home/guest/fun/codewars/scala/FindTheParityOutlier.scala[0m
2023.12.12 16:44:46 WARN  Could not load snapshot text for /home/guest/fun/codewars/scala/FindTheParityOutlier.scala[0m
2023.12.12 16:44:49 WARN  Could not load snapshot text for /home/guest/fun/codewars/scala/FindTheParityOutlier.scala[0m
2023.12.12 16:44:50 WARN  Could not load snapshot text for /home/guest/fun/codewars/scala/FindTheParityOutlier.scala[0m
2023.12.12 16:44:51 WARN  Could not load snapshot text for /home/guest/fun/codewars/scala/FindTheParityOutlier.scala[0m
2023.12.12 16:44:52 WARN  Could not load snapshot text for /home/guest/fun/codewars/scala/FindTheParityOutlier.scala[0m
2023.12.12 16:44:52 INFO  compiling scala_bd2c96d2de (1 scala source)[0m
2023.12.12 16:44:52 INFO  time: compiled scala_bd2c96d2de in 0.11s[0m
2023.12.12 16:44:53 WARN  Could not load snapshot text for /home/guest/fun/codewars/scala/FindTheParityOutlier.scala[0m
2023.12.12 16:45:52 WARN  Could not load snapshot text for /home/guest/fun/codewars/scala/FindTheParityOutlier.scala[0m
Dec 12, 2023 4:46:04 PM org.eclipse.lsp4j.jsonrpc.RemoteEndpoint handleCancellation
WARNING: Unmatched cancel notification for request id 1058
2023.12.12 16:46:05 WARN  Could not load snapshot text for /home/guest/fun/codewars/scala/FindTheParityOutlier.scala[0m
2023.12.12 16:46:07 WARN  Could not load snapshot text for /home/guest/fun/codewars/scala/FindTheParityOutlier.scala[0m
2023.12.12 16:46:11 WARN  Could not load snapshot text for /home/guest/fun/codewars/scala/FindTheParityOutlier.scala[0m
2023.12.12 16:46:11 INFO  compiling scala_bd2c96d2de (1 scala source)[0m
2023.12.12 16:46:11 INFO  time: compiled scala_bd2c96d2de in 0.1s[0m
2023.12.12 16:46:12 WARN  Could not load snapshot text for /home/guest/fun/codewars/scala/FindTheParityOutlier.scala[0m
2023.12.12 16:46:14 WARN  Could not load snapshot text for /home/guest/fun/codewars/scala/FindTheParityOutlier.scala[0m
2023.12.12 16:46:15 WARN  Could not load snapshot text for /home/guest/fun/codewars/scala/FindTheParityOutlier.scala[0m
2023.12.12 16:46:17 WARN  Could not load snapshot text for /home/guest/fun/codewars/scala/FindTheParityOutlier.scala[0m
2023.12.12 16:46:17 WARN  Could not load snapshot text for /home/guest/fun/codewars/scala/FindTheParityOutlier.scala[0m
2023.12.12 16:46:17 INFO  compiling scala_bd2c96d2de (1 scala source)[0m
2023.12.12 16:46:17 INFO  time: compiled scala_bd2c96d2de in 0.31s[0m
2023.12.12 16:52:08 INFO  compiling scala_bd2c96d2de (1 scala source)[0m
2023.12.12 16:52:08 INFO  time: compiled scala_bd2c96d2de in 0.24s[0m
2023.12.12 16:52:10 INFO  compiling scala_bd2c96d2de (1 scala source)[0m
2023.12.12 16:52:10 INFO  time: compiled scala_bd2c96d2de in 0.23s[0m
2023.12.12 17:16:52 WARN  Could not find semantic tokens for: file:///home/guest/fun/codewars/scala/Playground.scala[0m
2023.12.12 17:16:53 INFO  Disconnecting from scala-cli session...[0m
2023.12.12 17:16:53 INFO  Shut down connection with build server.[0m
2023.12.12 17:16:53 INFO  Cancelling compilation on scala-cli server[0m
2023.12.12 17:16:53 WARN  Could not find semantic tokens for: file:///home/guest/fun/codewars/scala/Playground.scala[0m
2023.12.12 17:16:53 INFO  Failed to run request with params ScalaTestClassesResult[0m
2023.12.12 17:16:53 INFO  scala-cli should support `buildTarget/jvmRunEnvironment`, but it fails.[0m
2023.12.12 17:16:53 INFO  Failed to run request with params ScalaMainClassesResult[0m
2023.12.12 17:16:53 INFO  Attempting to connect to the build server...[0m
2023.12.12 17:16:53 INFO  Running BSP server List(/home/guest/.local/share/coursier/bin/.scala-cli.aux, bsp, --json-options, /home/guest/fun/codewars/scala/.scala-build/ide-options-v2.json, /home/guest/fun/codewars/scala)[0m
2023.12.12 17:16:53 INFO  tracing is disabled for protocol BSP, to enable tracing of incoming and outgoing JSON messages create an empty file at /home/guest/fun/codewars/scala/.metals/bsp.trace.json or /home/guest/.cache/metals/bsp.trace.json[0m
2023.12.12 17:16:53 INFO  time: Connected to build server in 0.37s[0m
2023.12.12 17:16:53 INFO  Connected to Build server: scala-cli v1.1.0[0m
2023.12.12 17:16:53 INFO  compiling scala_bd2c96d2de (1 scala source)[0m
2023.12.12 17:16:53 INFO  time: compiled scala_bd2c96d2de in 51ms[0m
2023.12.12 17:16:54 WARN  Could not find java sources in /usr/lib/jvm/src.zip, /usr/lib/jvm/lib/src.zip, /usr/lib/jvm/java-17-openjdk-amd64/src.zip, /usr/lib/jvm/java-17-openjdk-amd64/lib/src.zip, /usr/lib/jvm/src.zip, /usr/lib/jvm/lib/src.zip, /usr/lib/jvm/java-17-openjdk-amd64/src.zip, /usr/lib/jvm/java-17-openjdk-amd64/lib/src.zip. Java symbols will not be available.[0m
2023.12.12 17:16:54 WARN  Could not find java sources in /usr/lib/jvm/src.zip, /usr/lib/jvm/lib/src.zip, /usr/lib/jvm/java-17-openjdk-amd64/src.zip, /usr/lib/jvm/java-17-openjdk-amd64/lib/src.zip, /usr/lib/jvm/src.zip, /usr/lib/jvm/lib/src.zip, /usr/lib/jvm/java-17-openjdk-amd64/src.zip, /usr/lib/jvm/java-17-openjdk-amd64/lib/src.zip. Java symbols will not be available.[0m
2023.12.12 17:16:54 WARN  Could not find java sources in /usr/lib/jvm/src.zip, /usr/lib/jvm/lib/src.zip, /usr/lib/jvm/java-17-openjdk-amd64/src.zip, /usr/lib/jvm/java-17-openjdk-amd64/lib/src.zip, /usr/lib/jvm/src.zip, /usr/lib/jvm/lib/src.zip, /usr/lib/jvm/java-17-openjdk-amd64/src.zip, /usr/lib/jvm/java-17-openjdk-amd64/lib/src.zip. Java symbols will not be available.[0m
2023.12.12 17:16:54 INFO  time: indexed workspace in 1.16s[0m
2023.12.12 17:16:55 INFO  Refreshed build after change[0m
2023.12.12 17:16:55 WARN  Could not find semantic tokens for: file:///home/guest/fun/codewars/scala/Playground.scala[0m
2023.12.12 17:17:27 WARN  Could not find semantic tokens for: file:///home/guest/fun/codewars/scala/Playground.scala[0m
2023.12.12 17:17:28 WARN  Could not find semantic tokens for: file:///home/guest/fun/codewars/scala/Playground.scala[0m
2023.12.12 17:17:31 WARN  Could not find semantic tokens for: file:///home/guest/fun/codewars/scala/Playground.scala[0m
2023.12.12 17:17:32 WARN  Could not find semantic tokens for: file:///home/guest/fun/codewars/scala/Playground.scala[0m
2023.12.12 17:17:32 WARN  Could not find semantic tokens for: file:///home/guest/fun/codewars/scala/Playground.scala[0m
2023.12.12 17:17:48 INFO  compiling scala_bd2c96d2de (1 scala source)[0m
2023.12.12 17:17:48 INFO  time: compiled scala_bd2c96d2de in 50ms[0m
2023.12.12 17:17:57 INFO  compiling scala_bd2c96d2de (1 scala source)[0m
2023.12.12 17:17:57 INFO  time: compiled scala_bd2c96d2de in 46ms[0m
2023.12.12 17:18:02 INFO  compiling scala_bd2c96d2de (1 scala source)[0m
2023.12.12 17:18:02 INFO  time: compiled scala_bd2c96d2de in 0.12s[0m
2023.12.12 17:18:05 INFO  compiling scala_bd2c96d2de (1 scala source)[0m
2023.12.12 17:18:05 INFO  time: compiled scala_bd2c96d2de in 85ms[0m
2023.12.12 17:18:24 INFO  compiling scala_bd2c96d2de (1 scala source)[0m
2023.12.12 17:18:24 INFO  time: compiled scala_bd2c96d2de in 42ms[0m
2023.12.12 17:18:31 INFO  compiling scala_bd2c96d2de (1 scala source)[0m
2023.12.12 17:18:31 INFO  time: compiled scala_bd2c96d2de in 43ms[0m
2023.12.12 17:18:32 INFO  compiling scala_bd2c96d2de (1 scala source)[0m
2023.12.12 17:18:32 INFO  time: compiled scala_bd2c96d2de in 34ms[0m
2023.12.12 17:18:34 ERROR scalafmt: /home/guest/fun/codewars/scala/Playground.scala:3: error: [dialect scala3] Procedure syntax is not supported. Convert procedure `main` to method by adding `: Unit =`.
def main() {
    ^[0m
2023.12.12 17:18:37 INFO  compiling scala_bd2c96d2de (1 scala source)[0m
2023.12.12 17:18:37 INFO  time: compiled scala_bd2c96d2de in 37ms[0m
2023.12.12 17:18:40 INFO  compiling scala_bd2c96d2de (1 scala source)[0m
2023.12.12 17:18:40 INFO  time: compiled scala_bd2c96d2de in 39ms[0m
2023.12.12 17:20:20 INFO  compiling scala_bd2c96d2de (1 scala source)[0m
2023.12.12 17:20:20 INFO  time: compiled scala_bd2c96d2de in 56ms[0m
2023.12.12 17:20:33 INFO  compiling scala_bd2c96d2de (1 scala source)[0m
2023.12.12 17:20:33 INFO  time: compiled scala_bd2c96d2de in 0.21s[0m
2023.12.12 17:21:04 INFO  compiling scala_bd2c96d2de (1 scala source)[0m
2023.12.12 17:21:04 INFO  time: compiled scala_bd2c96d2de in 0.16s[0m
2023.12.12 17:21:11 INFO  compiling scala_bd2c96d2de (1 scala source)[0m
2023.12.12 17:21:11 INFO  time: compiled scala_bd2c96d2de in 0.19s[0m
2023.12.12 17:21:13 INFO  compiling scala_bd2c96d2de (1 scala source)[0m
2023.12.12 17:21:13 INFO  time: compiled scala_bd2c96d2de in 42ms[0m
2023.12.12 17:21:20 ERROR Failed to tokenize input for semantic tokens for /home/guest/fun/codewars/scala/Playground.scala
scala.meta.tokenizers.TokenizeException: <input>:2: error: unclosed string interpolation
    override def toString(): String = s"$"
                                        ^
	at scala.meta.internal.tokenizers.Reporter.syntaxError(Reporter.scala:23)
	at scala.meta.internal.tokenizers.Reporter.syntaxError$(Reporter.scala:23)
	at scala.meta.internal.tokenizers.Reporter$$anon$1.syntaxError(Reporter.scala:33)
	at scala.meta.internal.tokenizers.Reporter.syntaxError(Reporter.scala:25)
	at scala.meta.internal.tokenizers.Reporter.syntaxError$(Reporter.scala:25)
	at scala.meta.internal.tokenizers.Reporter$$anon$1.syntaxError(Reporter.scala:33)
	at scala.meta.internal.tokenizers.LegacyScanner.getStringPart(LegacyScanner.scala:659)
	at scala.meta.internal.tokenizers.LegacyScanner.fetchDoubleQuote$1(LegacyScanner.scala:357)
	at scala.meta.internal.tokenizers.LegacyScanner.fetchToken(LegacyScanner.scala:376)
	at scala.meta.internal.tokenizers.LegacyScanner.nextToken(LegacyScanner.scala:211)
	at scala.meta.internal.tokenizers.LegacyScanner.foreach(LegacyScanner.scala:1011)
	at scala.meta.internal.tokenizers.ScalametaTokenizer.uncachedTokenize(ScalametaTokenizer.scala:24)
	at scala.meta.internal.tokenizers.ScalametaTokenizer.$anonfun$tokenize$1(ScalametaTokenizer.scala:17)
	at scala.collection.concurrent.TrieMap.getOrElseUpdate(TrieMap.scala:962)
	at scala.meta.internal.tokenizers.ScalametaTokenizer.tokenize(ScalametaTokenizer.scala:17)
	at scala.meta.internal.tokenizers.ScalametaTokenizer$$anon$2.apply(ScalametaTokenizer.scala:332)
	at scala.meta.tokenizers.Api$XtensionTokenizeDialectInput.tokenize(Api.scala:25)
	at scala.meta.tokenizers.Api$XtensionTokenizeInputLike.tokenize(Api.scala:14)
	at scala.meta.internal.metals.SemanticTokensProvider$.getTokens(SemanticTokensProvider.scala:28)
	at scala.meta.internal.metals.SemanticTokensProvider$.provide(SemanticTokensProvider.scala:89)
	at scala.meta.internal.metals.Compilers.$anonfun$semanticTokens$3(Compilers.scala:539)
	at scala.concurrent.impl.Promise$Transformation.run(Promise.scala:467)
	at java.util.concurrent.ThreadPoolExecutor.runWorker(ThreadPoolExecutor.java:1136)
	at java.util.concurrent.ThreadPoolExecutor$Worker.run(ThreadPoolExecutor.java:635)
	at java.lang.Thread.run(Thread.java:833)
[0m
2023.12.12 17:21:28 ERROR Failed to tokenize input for semantic tokens for /home/guest/fun/codewars/scala/Playground.scala
scala.meta.tokenizers.TokenizeException: <input>:2: error: unclosed string interpolation
    override def toString(): String = s"$name:$"
                                             ^
	at scala.meta.internal.tokenizers.Reporter.syntaxError(Reporter.scala:23)
	at scala.meta.internal.tokenizers.Reporter.syntaxError$(Reporter.scala:23)
	at scala.meta.internal.tokenizers.Reporter$$anon$1.syntaxError(Reporter.scala:33)
	at scala.meta.internal.tokenizers.Reporter.syntaxError(Reporter.scala:25)
	at scala.meta.internal.tokenizers.Reporter.syntaxError$(Reporter.scala:25)
	at scala.meta.internal.tokenizers.Reporter$$anon$1.syntaxError(Reporter.scala:33)
	at scala.meta.internal.tokenizers.LegacyScanner.getStringPart(LegacyScanner.scala:659)
	at scala.meta.internal.tokenizers.LegacyScanner.fetchToken(LegacyScanner.scala:249)
	at scala.meta.internal.tokenizers.LegacyScanner.nextToken(LegacyScanner.scala:211)
	at scala.meta.internal.tokenizers.LegacyScanner.foreach(LegacyScanner.scala:1011)
	at scala.meta.internal.tokenizers.ScalametaTokenizer.uncachedTokenize(ScalametaTokenizer.scala:24)
	at scala.meta.internal.tokenizers.ScalametaTokenizer.$anonfun$tokenize$1(ScalametaTokenizer.scala:17)
	at scala.collection.concurrent.TrieMap.getOrElseUpdate(TrieMap.scala:962)
	at scala.meta.internal.tokenizers.ScalametaTokenizer.tokenize(ScalametaTokenizer.scala:17)
	at scala.meta.internal.tokenizers.ScalametaTokenizer$$anon$2.apply(ScalametaTokenizer.scala:332)
	at scala.meta.tokenizers.Api$XtensionTokenizeDialectInput.tokenize(Api.scala:25)
	at scala.meta.tokenizers.Api$XtensionTokenizeInputLike.tokenize(Api.scala:14)
	at scala.meta.internal.metals.SemanticTokensProvider$.getTokens(SemanticTokensProvider.scala:28)
	at scala.meta.internal.metals.SemanticTokensProvider$.provide(SemanticTokensProvider.scala:89)
	at scala.meta.internal.metals.Compilers.$anonfun$semanticTokens$3(Compilers.scala:539)
	at scala.concurrent.impl.Promise$Transformation.run(Promise.scala:467)
	at java.util.concurrent.ThreadPoolExecutor.runWorker(ThreadPoolExecutor.java:1136)
	at java.util.concurrent.ThreadPoolExecutor$Worker.run(ThreadPoolExecutor.java:635)
	at java.lang.Thread.run(Thread.java:833)
[0m
2023.12.12 17:21:30 INFO  compiling scala_bd2c96d2de (1 scala source)[0m
2023.12.12 17:21:30 INFO  time: compiled scala_bd2c96d2de in 64ms[0m
2023.12.12 17:21:45 INFO  compiling scala_bd2c96d2de (1 scala source)[0m
2023.12.12 17:21:45 INFO  time: compiled scala_bd2c96d2de in 57ms[0m
2023.12.12 17:21:56 INFO  compiling scala_bd2c96d2de (1 scala source)[0m
2023.12.12 17:21:56 INFO  time: compiled scala_bd2c96d2de in 0.2s[0m
2023.12.12 17:22:03 INFO  compiling scala_bd2c96d2de (1 scala source)[0m
2023.12.12 17:22:03 INFO  time: compiled scala_bd2c96d2de in 0.16s[0m
2023.12.12 17:22:51 INFO  compiling scala_bd2c96d2de (1 scala source)[0m
2023.12.12 17:22:51 INFO  time: compiled scala_bd2c96d2de in 0.18s[0m
2023.12.12 17:24:07 INFO  compiling scala_bd2c96d2de (1 scala source)[0m
2023.12.12 17:24:07 INFO  time: compiled scala_bd2c96d2de in 0.16s[0m
2023.12.12 17:24:29 INFO  compiling scala_bd2c96d2de (1 scala source)[0m
2023.12.12 17:24:29 INFO  time: compiled scala_bd2c96d2de in 0.15s[0m
2023.12.12 17:48:22 ERROR scalafmt: /home/guest/fun/codewars/scala/Playground.scala:16: error: [dialect scala3] expected template body
  class Dog(name: String) extends Speaker, TailWagger, Runner:
                                                              ^[0m
2023.12.12 17:48:29 INFO  compiling scala_bd2c96d2de (1 scala source)[0m
2023.12.12 17:48:29 INFO  time: compiled scala_bd2c96d2de in 0.26s[0m
2023.12.12 17:48:38 INFO  compiling scala_bd2c96d2de (1 scala source)[0m
2023.12.12 17:48:38 INFO  time: compiled scala_bd2c96d2de in 62ms[0m
2023.12.12 17:48:39 WARN  Could not load snapshot text for /home/guest/fun/codewars/scala/Playground.scala[0m
2023.12.12 17:49:02 WARN  Could not load snapshot text for /home/guest/fun/codewars/scala/Playground.scala[0m
Dec 12, 2023 5:49:03 PM org.eclipse.lsp4j.jsonrpc.RemoteEndpoint handleCancellation
WARNING: Unmatched cancel notification for request id 2263
2023.12.12 17:49:05 WARN  Could not load snapshot text for /home/guest/fun/codewars/scala/Playground.scala[0m
2023.12.12 17:49:06 INFO  compiling scala_bd2c96d2de (1 scala source)[0m
2023.12.12 17:49:06 INFO  time: compiled scala_bd2c96d2de in 50ms[0m
2023.12.12 17:49:06 WARN  Could not load snapshot text for /home/guest/fun/codewars/scala/Playground.scala[0m
2023.12.12 17:49:09 WARN  Could not load snapshot text for /home/guest/fun/codewars/scala/Playground.scala[0m
2023.12.12 17:49:09 WARN  Could not load snapshot text for /home/guest/fun/codewars/scala/Playground.scala[0m
2023.12.12 17:49:13 WARN  Could not load snapshot text for /home/guest/fun/codewars/scala/Playground.scala[0m
2023.12.12 17:49:14 WARN  Could not load snapshot text for /home/guest/fun/codewars/scala/Playground.scala[0m
2023.12.12 17:49:15 INFO  compiling scala_bd2c96d2de (1 scala source)[0m
2023.12.12 17:49:15 INFO  time: compiled scala_bd2c96d2de in 0.17s[0m
2023.12.12 17:49:20 INFO  compiling scala_bd2c96d2de (1 scala source)[0m
2023.12.12 17:49:20 INFO  time: compiled scala_bd2c96d2de in 0.15s[0m
2023.12.12 17:49:31 INFO  compiling scala_bd2c96d2de (1 scala source)[0m
2023.12.12 17:49:31 INFO  time: compiled scala_bd2c96d2de in 0.16s[0m
2023.12.12 17:55:11 INFO  compiling scala_bd2c96d2de (1 scala source)[0m
2023.12.12 17:55:11 INFO  time: compiled scala_bd2c96d2de in 68ms[0m
2023.12.12 17:55:11 WARN  Could not load snapshot text for /home/guest/fun/codewars/scala/Playground.scala[0m
2023.12.12 17:55:15 WARN  Could not load snapshot text for /home/guest/fun/codewars/scala/Playground.scala[0m
2023.12.12 17:55:15 INFO  compiling scala_bd2c96d2de (1 scala source)[0m
2023.12.12 17:55:15 INFO  time: compiled scala_bd2c96d2de in 0.13s[0m
2023.12.12 17:55:16 WARN  Could not load snapshot text for /home/guest/fun/codewars/scala/Playground.scala[0m
2023.12.12 17:55:27 WARN  Could not load snapshot text for /home/guest/fun/codewars/scala/Playground.scala[0m
2023.12.12 17:55:41 INFO  compiling scala_bd2c96d2de (1 scala source)[0m
2023.12.12 17:55:41 INFO  time: compiled scala_bd2c96d2de in 0.15s[0m
2023.12.12 17:55:55 ERROR Failed to tokenize input for semantic tokens for /home/guest/fun/codewars/scala/Playground.scala
scala.meta.tokenizers.TokenizeException: <input>:13: error: unclosed string interpolation
  def speak(): String = s"Woof!, $"
                          ^
	at scala.meta.internal.tokenizers.Reporter.syntaxError(Reporter.scala:23)
	at scala.meta.internal.tokenizers.Reporter.syntaxError$(Reporter.scala:23)
	at scala.meta.internal.tokenizers.Reporter$$anon$1.syntaxError(Reporter.scala:33)
	at scala.meta.internal.tokenizers.Reporter.syntaxError(Reporter.scala:25)
	at scala.meta.internal.tokenizers.Reporter.syntaxError$(Reporter.scala:25)
	at scala.meta.internal.tokenizers.Reporter$$anon$1.syntaxError(Reporter.scala:33)
	at scala.meta.internal.tokenizers.LegacyScanner.getStringPart(LegacyScanner.scala:659)
	at scala.meta.internal.tokenizers.LegacyScanner.fetchDoubleQuote$1(LegacyScanner.scala:357)
	at scala.meta.internal.tokenizers.LegacyScanner.fetchToken(LegacyScanner.scala:376)
	at scala.meta.internal.tokenizers.LegacyScanner.nextToken(LegacyScanner.scala:211)
	at scala.meta.internal.tokenizers.LegacyScanner.foreach(LegacyScanner.scala:1011)
	at scala.meta.internal.tokenizers.ScalametaTokenizer.uncachedTokenize(ScalametaTokenizer.scala:24)
	at scala.meta.internal.tokenizers.ScalametaTokenizer.$anonfun$tokenize$1(ScalametaTokenizer.scala:17)
	at scala.collection.concurrent.TrieMap.getOrElseUpdate(TrieMap.scala:962)
	at scala.meta.internal.tokenizers.ScalametaTokenizer.tokenize(ScalametaTokenizer.scala:17)
	at scala.meta.internal.tokenizers.ScalametaTokenizer$$anon$2.apply(ScalametaTokenizer.scala:332)
	at scala.meta.tokenizers.Api$XtensionTokenizeDialectInput.tokenize(Api.scala:25)
	at scala.meta.tokenizers.Api$XtensionTokenizeInputLike.tokenize(Api.scala:14)
	at scala.meta.internal.metals.SemanticTokensProvider$.getTokens(SemanticTokensProvider.scala:28)
	at scala.meta.internal.metals.SemanticTokensProvider$.provide(SemanticTokensProvider.scala:89)
	at scala.meta.internal.metals.Compilers.$anonfun$semanticTokens$3(Compilers.scala:539)
	at scala.concurrent.impl.Promise$Transformation.run(Promise.scala:467)
	at java.util.concurrent.ThreadPoolExecutor.runWorker(ThreadPoolExecutor.java:1136)
	at java.util.concurrent.ThreadPoolExecutor$Worker.run(ThreadPoolExecutor.java:635)
	at java.lang.Thread.run(Thread.java:833)
[0m
2023.12.12 17:55:56 INFO  compiling scala_bd2c96d2de (1 scala source)[0m
2023.12.12 17:55:56 INFO  time: compiled scala_bd2c96d2de in 0.13s[0m
2023.12.12 19:32:41 INFO  compiling scala_bd2c96d2de (1 scala source)[0m
2023.12.12 19:32:41 INFO  time: compiled scala_bd2c96d2de in 0.13s[0m
2023.12.12 19:32:50 INFO  compiling scala_bd2c96d2de (1 scala source)[0m
2023.12.12 19:32:50 INFO  time: compiled scala_bd2c96d2de in 89ms[0m
2023.12.12 19:32:50 INFO  compiling scala_bd2c96d2de (1 scala source)[0m
2023.12.12 19:32:50 INFO  time: compiled scala_bd2c96d2de in 0.17s[0m
Dec 12, 2023 7:33:48 PM org.eclipse.lsp4j.jsonrpc.RemoteEndpoint handleCancellation
WARNING: Unmatched cancel notification for request id 2523
2023.12.12 19:39:04 INFO  compiling scala_bd2c96d2de (1 scala source)[0m
2023.12.12 19:39:04 INFO  Deduplicating compilation of scala_bd2c96d2de from bsp client 'scala-cli 1.1.0' (since 2h 22m 10.955s)[0m
2023.12.12 19:39:04 INFO  compiling scala_bd2c96d2de (1 scala source)[0m
2023.12.12 19:39:04 INFO  time: compiled scala_bd2c96d2de in 10ms[0m
2023.12.12 19:39:06 INFO  compiling scala_bd2c96d2de (1 scala source)[0m
2023.12.12 19:39:06 INFO  time: compiled scala_bd2c96d2de in 0.17s[0m
2023.12.12 19:40:34 INFO  compiling scala_bd2c96d2de (1 scala source)[0m
2023.12.12 19:40:34 INFO  time: compiled scala_bd2c96d2de in 0.24s[0m
2023.12.12 19:40:49 INFO  compiling scala_bd2c96d2de (1 scala source)[0m
2023.12.12 19:40:49 WARN  Could not load snapshot text for /home/guest/fun/codewars/scala/Playground.scala[0m
2023.12.12 19:40:49 INFO  time: compiled scala_bd2c96d2de in 0.18s[0m
Dec 12, 2023 7:43:10 PM org.eclipse.lsp4j.jsonrpc.RemoteEndpoint handleCancellation
WARNING: Unmatched cancel notification for request id 2600
2023.12.12 19:43:18 INFO  compiling scala_bd2c96d2de (1 scala source)[0m
2023.12.12 19:43:18 INFO  time: compiled scala_bd2c96d2de in 0.16s[0m
2023.12.12 20:01:17 INFO  compiling scala_bd2c96d2de (1 scala source)[0m
2023.12.12 20:01:17 INFO  time: compiled scala_bd2c96d2de in 0.16s[0m
2023.12.12 20:08:55 INFO  compiling scala_bd2c96d2de (1 scala source)[0m
2023.12.12 20:08:55 INFO  time: compiled scala_bd2c96d2de in 0.18s[0m
2023.12.13 09:21:44 INFO  Shutting down server[0m
2023.12.13 09:21:44 INFO  shutting down Metals[0m
2023.12.13 09:21:44 INFO  Shut down connection with build server.[0m
2023.12.13 09:21:44 INFO  Exiting server[0m
2023.12.14 11:34:09 INFO  Started: Metals version 1.2.0 in folders '/home/guest/fun/codewars/scala' for client Visual Studio Code 1.85.0.[0m
2023.12.14 11:34:10 WARN  No build session currently active to reload.[0m
2023.12.14 11:34:10 INFO  Attempting to connect to the build server...[0m
2023.12.14 11:34:10 INFO  Running BSP server List(/home/guest/.local/share/coursier/bin/.scala-cli.aux, bsp, --json-options, /home/guest/fun/codewars/scala/.scala-build/ide-options-v2.json, /home/guest/fun/codewars/scala)[0m
2023.12.14 11:34:11 INFO  tracing is disabled for protocol BSP, to enable tracing of incoming and outgoing JSON messages create an empty file at /home/guest/fun/codewars/scala/.metals/bsp.trace.json or /home/guest/.cache/metals/bsp.trace.json[0m
2023.12.14 11:34:13 INFO  BSP server: Starting compilation server[0m
2023.12.14 11:34:19 INFO  time: Connected to build server in 9s[0m
2023.12.14 11:34:19 INFO  Connected to Build server: scala-cli v1.1.0[0m
2023.12.14 11:34:19 INFO  time: Imported build in 0.17s[0m
2023.12.14 11:34:23 INFO  no build target found for /home/guest/fun/codewars/scala/Playground.scala. Using presentation compiler with project's scala-library version: 3.3.1[0m
2023.12.14 11:34:25 WARN  Could not find java sources in /usr/lib/jvm/src.zip, /usr/lib/jvm/lib/src.zip, /usr/lib/jvm/java-17-openjdk-amd64/src.zip, /usr/lib/jvm/java-17-openjdk-amd64/lib/src.zip, /usr/lib/jvm/src.zip, /usr/lib/jvm/lib/src.zip, /usr/lib/jvm/java-17-openjdk-amd64/src.zip, /usr/lib/jvm/java-17-openjdk-amd64/lib/src.zip. Java symbols will not be available.[0m
2023.12.14 11:34:25 WARN  Could not find java sources in /usr/lib/jvm/src.zip, /usr/lib/jvm/lib/src.zip, /usr/lib/jvm/java-17-openjdk-amd64/src.zip, /usr/lib/jvm/java-17-openjdk-amd64/lib/src.zip, /usr/lib/jvm/src.zip, /usr/lib/jvm/lib/src.zip, /usr/lib/jvm/java-17-openjdk-amd64/src.zip, /usr/lib/jvm/java-17-openjdk-amd64/lib/src.zip. Java symbols will not be available.[0m
2023.12.14 11:34:25 WARN  Could not find java sources in /usr/lib/jvm/src.zip, /usr/lib/jvm/lib/src.zip, /usr/lib/jvm/java-17-openjdk-amd64/src.zip, /usr/lib/jvm/java-17-openjdk-amd64/lib/src.zip, /usr/lib/jvm/src.zip, /usr/lib/jvm/lib/src.zip, /usr/lib/jvm/java-17-openjdk-amd64/src.zip, /usr/lib/jvm/java-17-openjdk-amd64/lib/src.zip. Java symbols will not be available.[0m
2023.12.14 11:34:25 INFO  time: indexed workspace in 1.67s[0m
2023.12.14 11:35:51 INFO  Shutting down server[0m
2023.12.14 11:35:51 INFO  shutting down Metals[0m
2023.12.14 11:35:51 INFO  Shut down connection with build server.[0m
2023.12.14 11:35:51 INFO  Exiting server[0m
2023.12.14 11:36:20 INFO  Started: Metals version 1.2.0 in folders '/home/guest/fun/codewars/scala' for client Visual Studio Code 1.85.1.[0m
2023.12.14 11:36:21 INFO  Attempting to connect to the build server...[0m
2023.12.14 11:36:21 WARN  No build session currently active to reload.[0m
2023.12.14 11:36:21 INFO  Running BSP server List(/home/guest/.local/share/coursier/bin/.scala-cli.aux, bsp, --json-options, /home/guest/fun/codewars/scala/.scala-build/ide-options-v2.json, /home/guest/fun/codewars/scala)[0m
2023.12.14 11:36:21 INFO  tracing is disabled for protocol BSP, to enable tracing of incoming and outgoing JSON messages create an empty file at /home/guest/fun/codewars/scala/.metals/bsp.trace.json or /home/guest/.cache/metals/bsp.trace.json[0m
2023.12.14 11:36:22 INFO  BSP server: Starting compilation server[0m
Dec 14, 2023 11:36:22 AM org.eclipse.lsp4j.jsonrpc.RemoteEndpoint handleCancellation
WARNING: Unmatched cancel notification for request id 1
2023.12.14 11:36:25 INFO  time: Connected to build server in 3.85s[0m
2023.12.14 11:36:25 INFO  Connected to Build server: scala-cli v1.1.0[0m
2023.12.14 11:36:25 INFO  time: Imported build in 0.49s[0m
2023.12.14 11:36:26 INFO  compiling scala_bd2c96d2de (2 scala sources)[0m
2023.12.14 11:36:26 INFO  no build target found for /home/guest/fun/codewars/scala/Playground.scala. Using presentation compiler with project's scala-library version: 3.3.1[0m
2023.12.14 11:36:28 WARN  Could not find java sources in /usr/lib/jvm/src.zip, /usr/lib/jvm/lib/src.zip, /usr/lib/jvm/java-17-openjdk-amd64/src.zip, /usr/lib/jvm/java-17-openjdk-amd64/lib/src.zip, /usr/lib/jvm/src.zip, /usr/lib/jvm/lib/src.zip, /usr/lib/jvm/java-17-openjdk-amd64/src.zip, /usr/lib/jvm/java-17-openjdk-amd64/lib/src.zip. Java symbols will not be available.[0m
2023.12.14 11:36:28 WARN  Could not find java sources in /usr/lib/jvm/src.zip, /usr/lib/jvm/lib/src.zip, /usr/lib/jvm/java-17-openjdk-amd64/src.zip, /usr/lib/jvm/java-17-openjdk-amd64/lib/src.zip, /usr/lib/jvm/src.zip, /usr/lib/jvm/lib/src.zip, /usr/lib/jvm/java-17-openjdk-amd64/src.zip, /usr/lib/jvm/java-17-openjdk-amd64/lib/src.zip. Java symbols will not be available.[0m
2023.12.14 11:36:28 WARN  Could not find java sources in /usr/lib/jvm/src.zip, /usr/lib/jvm/lib/src.zip, /usr/lib/jvm/java-17-openjdk-amd64/src.zip, /usr/lib/jvm/java-17-openjdk-amd64/lib/src.zip, /usr/lib/jvm/src.zip, /usr/lib/jvm/lib/src.zip, /usr/lib/jvm/java-17-openjdk-amd64/src.zip, /usr/lib/jvm/java-17-openjdk-amd64/lib/src.zip. Java symbols will not be available.[0m
2023.12.14 11:36:28 INFO  time: indexed workspace in 1.85s[0m
2023.12.14 11:37:07 INFO  Resetting build server selection.[0m
2023.12.14 11:39:00 WARN  Could not find semantic tokens for: file:///home/guest/fun/codewars/scala/BouncingBall.scala[0m
2023.12.14 11:39:00 INFO  Cancelling compilation on scala-cli server[0m
2023.12.14 11:39:00 WARN  Could not find semantic tokens for: file:///home/guest/fun/codewars/scala/BouncingBall.scala[0m
2023.12.14 11:39:00 INFO  compiling scala_bd2c96d2de (1 scala source)[0m
2023.12.14 11:39:00 INFO  time: compiled scala_bd2c96d2de in 0.15s[0m
2023.12.14 11:39:01 WARN  Could not find java sources in /usr/lib/jvm/src.zip, /usr/lib/jvm/lib/src.zip, /usr/lib/jvm/java-17-openjdk-amd64/src.zip, /usr/lib/jvm/java-17-openjdk-amd64/lib/src.zip, /usr/lib/jvm/src.zip, /usr/lib/jvm/lib/src.zip, /usr/lib/jvm/java-17-openjdk-amd64/src.zip, /usr/lib/jvm/java-17-openjdk-amd64/lib/src.zip. Java symbols will not be available.[0m
2023.12.14 11:39:01 WARN  Could not find java sources in /usr/lib/jvm/src.zip, /usr/lib/jvm/lib/src.zip, /usr/lib/jvm/java-17-openjdk-amd64/src.zip, /usr/lib/jvm/java-17-openjdk-amd64/lib/src.zip, /usr/lib/jvm/src.zip, /usr/lib/jvm/lib/src.zip, /usr/lib/jvm/java-17-openjdk-amd64/src.zip, /usr/lib/jvm/java-17-openjdk-amd64/lib/src.zip. Java symbols will not be available.[0m
2023.12.14 11:39:01 WARN  Could not find java sources in /usr/lib/jvm/src.zip, /usr/lib/jvm/lib/src.zip, /usr/lib/jvm/java-17-openjdk-amd64/src.zip, /usr/lib/jvm/java-17-openjdk-amd64/lib/src.zip, /usr/lib/jvm/src.zip, /usr/lib/jvm/lib/src.zip, /usr/lib/jvm/java-17-openjdk-amd64/src.zip, /usr/lib/jvm/java-17-openjdk-amd64/lib/src.zip. Java symbols will not be available.[0m
2023.12.14 11:39:01 INFO  time: indexed workspace in 1.17s[0m
2023.12.14 11:39:04 INFO  compiling scala_bd2c96d2de (1 scala source)[0m
2023.12.14 11:39:06 INFO  time: compiled scala_bd2c96d2de in 1.53s[0m
2023.12.14 11:39:10 INFO  compiling scala_bd2c96d2de (1 scala source)[0m
2023.12.14 11:39:11 INFO  time: compiled scala_bd2c96d2de in 1.16s[0m
2023.12.14 11:39:21 INFO  compiling scala_bd2c96d2de (1 scala source)[0m
2023.12.14 11:39:21 INFO  time: compiled scala_bd2c96d2de in 0.4s[0m
2023.12.14 11:39:47 INFO  compiling scala_bd2c96d2de (1 scala source)[0m
2023.12.14 11:39:47 INFO  time: compiled scala_bd2c96d2de in 0.19s[0m
2023.12.14 11:39:58 INFO  compiling scala_bd2c96d2de (1 scala source)[0m
2023.12.14 11:39:58 INFO  time: compiled scala_bd2c96d2de in 0.29s[0m
2023.12.14 11:40:26 INFO  compiling scala_bd2c96d2de (1 scala source)[0m
2023.12.14 11:40:26 INFO  time: compiled scala_bd2c96d2de in 0.19s[0m
2023.12.14 11:40:30 INFO  compiling scala_bd2c96d2de (1 scala source)[0m
2023.12.14 11:40:30 INFO  time: compiled scala_bd2c96d2de in 0.17s[0m
2023.12.14 11:40:34 INFO  compiling scala_bd2c96d2de (1 scala source)[0m
2023.12.14 11:40:34 INFO  time: compiled scala_bd2c96d2de in 0.26s[0m
2023.12.14 11:42:56 INFO  compiling scala_bd2c96d2de (1 scala source)[0m
2023.12.14 11:42:56 INFO  time: compiled scala_bd2c96d2de in 85ms[0m
2023.12.14 11:42:57 ERROR scalafmt: /home/guest/fun/codewars/scala/BouncingBall.scala:2: error: [dialect scala3] : expected but , found
    def fulfilled(h, bounce, window) : Boolean = 
                   ^[0m
2023.12.14 11:43:02 INFO  compiling scala_bd2c96d2de (1 scala source)[0m
2023.12.14 11:43:02 INFO  time: compiled scala_bd2c96d2de in 57ms[0m
2023.12.14 11:43:03 ERROR scalafmt: /home/guest/fun/codewars/scala/BouncingBall.scala:2: error: [dialect scala3] : expected but , found
    def fulfilled(h, bounce, window) : Boolean = 
                   ^[0m
2023.12.14 11:43:03 ERROR scalafmt: /home/guest/fun/codewars/scala/BouncingBall.scala:2: error: [dialect scala3] : expected but , found
    def fulfilled(h, bounce, window) : Boolean = 
                   ^[0m
2023.12.14 11:43:34 INFO  compiling scala_bd2c96d2de (1 scala source)[0m
2023.12.14 11:43:34 INFO  time: compiled scala_bd2c96d2de in 0.21s[0m
2023.12.14 11:43:37 INFO  compiling scala_bd2c96d2de (1 scala source)[0m
2023.12.14 11:43:37 INFO  time: compiled scala_bd2c96d2de in 0.28s[0m
2023.12.14 11:43:55 INFO  compiling scala_bd2c96d2de (1 scala source)[0m
2023.12.14 11:43:55 INFO  time: compiled scala_bd2c96d2de in 97ms[0m
2023.12.14 11:43:56 INFO  compiling scala_bd2c96d2de (1 scala source)[0m
2023.12.14 11:43:56 INFO  time: compiled scala_bd2c96d2de in 0.21s[0m
2023.12.14 11:44:06 ERROR Failed to tokenize input for semantic tokens for /home/guest/fun/codewars/scala/BouncingBall.scala
scala.meta.tokenizers.TokenizeException: <input>:5: error: illegal character '\uff08'
    if（
      ^
	at scala.meta.internal.tokenizers.Reporter.syntaxError(Reporter.scala:23)
	at scala.meta.internal.tokenizers.Reporter.syntaxError$(Reporter.scala:23)
	at scala.meta.internal.tokenizers.Reporter$$anon$1.syntaxError(Reporter.scala:33)
	at scala.meta.internal.tokenizers.Reporter.syntaxError(Reporter.scala:25)
	at scala.meta.internal.tokenizers.Reporter.syntaxError$(Reporter.scala:25)
	at scala.meta.internal.tokenizers.Reporter$$anon$1.syntaxError(Reporter.scala:33)
	at scala.meta.internal.tokenizers.LegacyScanner.fetchOther$1(LegacyScanner.scala:469)
	at scala.meta.internal.tokenizers.LegacyScanner.fetchToken(LegacyScanner.scala:474)
	at scala.meta.internal.tokenizers.LegacyScanner.nextToken(LegacyScanner.scala:211)
	at scala.meta.internal.tokenizers.LegacyScanner.foreach(LegacyScanner.scala:1011)
	at scala.meta.internal.tokenizers.ScalametaTokenizer.uncachedTokenize(ScalametaTokenizer.scala:24)
	at scala.meta.internal.tokenizers.ScalametaTokenizer.$anonfun$tokenize$1(ScalametaTokenizer.scala:17)
	at scala.collection.concurrent.TrieMap.getOrElseUpdate(TrieMap.scala:962)
	at scala.meta.internal.tokenizers.ScalametaTokenizer.tokenize(ScalametaTokenizer.scala:17)
	at scala.meta.internal.tokenizers.ScalametaTokenizer$$anon$2.apply(ScalametaTokenizer.scala:332)
	at scala.meta.tokenizers.Api$XtensionTokenizeDialectInput.tokenize(Api.scala:25)
	at scala.meta.tokenizers.Api$XtensionTokenizeInputLike.tokenize(Api.scala:14)
	at scala.meta.internal.metals.SemanticTokensProvider$.getTokens(SemanticTokensProvider.scala:28)
	at scala.meta.internal.metals.SemanticTokensProvider$.provide(SemanticTokensProvider.scala:89)
	at scala.meta.internal.metals.Compilers.$anonfun$semanticTokens$3(Compilers.scala:541)
	at scala.concurrent.impl.Promise$Transformation.run(Promise.scala:467)
	at java.util.concurrent.ThreadPoolExecutor.runWorker(ThreadPoolExecutor.java:1136)
	at java.util.concurrent.ThreadPoolExecutor$Worker.run(ThreadPoolExecutor.java:635)
	at java.lang.Thread.run(Thread.java:833)
[0m
2023.12.14 11:44:26 INFO  compiling scala_bd2c96d2de (1 scala source)[0m
2023.12.14 11:44:26 INFO  time: compiled scala_bd2c96d2de in 0.13s[0m
2023.12.14 11:44:39 INFO  compiling scala_bd2c96d2de (1 scala source)[0m
2023.12.14 11:44:39 INFO  time: compiled scala_bd2c96d2de in 52ms[0m
Dec 14, 2023 11:44:54 AM org.eclipse.lsp4j.jsonrpc.RemoteEndpoint handleCancellation
WARNING: Unmatched cancel notification for request id 960
2023.12.14 11:44:57 INFO  compiling scala_bd2c96d2de (3 scala sources)[0m
2023.12.14 11:44:57 INFO  time: compiled scala_bd2c96d2de in 0.14s[0m
2023.12.14 11:46:15 INFO  compiling scala_bd2c96d2de (3 scala sources)[0m
2023.12.14 11:46:15 INFO  time: compiled scala_bd2c96d2de in 99ms[0m
2023.12.14 11:46:15 WARN  Could not find semantic tokens for: file:///home/guest/fun/codewars/scala/Playground.scala[0m
2023.12.14 11:46:17 WARN  Could not find semantic tokens for: file:///home/guest/fun/codewars/scala/Playground.scala[0m
2023.12.14 11:46:18 WARN  Could not find semantic tokens for: file:///home/guest/fun/codewars/scala/Playground.scala[0m
2023.12.14 11:46:19 WARN  Could not find semantic tokens for: file:///home/guest/fun/codewars/scala/Playground.scala[0m
Dec 14, 2023 11:46:20 AM org.eclipse.lsp4j.jsonrpc.RemoteEndpoint fallbackResponseError
SEVERE: Internal error: java.util.NoSuchElementException: token 43 out of 43
java.util.concurrent.CompletionException: java.util.NoSuchElementException: token 43 out of 43
	at java.base/java.util.concurrent.CompletableFuture.encodeThrowable(CompletableFuture.java:332)
	at java.base/java.util.concurrent.CompletableFuture.completeThrowable(CompletableFuture.java:347)
	at java.base/java.util.concurrent.CompletableFuture$UniAccept.tryFire(CompletableFuture.java:708)
	at java.base/java.util.concurrent.CompletableFuture.postComplete(CompletableFuture.java:510)
	at java.base/java.util.concurrent.CompletableFuture.completeExceptionally(CompletableFuture.java:2162)
	at scala.meta.internal.metals.CancelTokens$.$anonfun$future$1(CancelTokens.scala:40)
	at scala.meta.internal.metals.CancelTokens$.$anonfun$future$1$adapted(CancelTokens.scala:38)
	at scala.concurrent.impl.Promise$Transformation.run(Promise.scala:484)
	at java.base/java.util.concurrent.ThreadPoolExecutor.runWorker(ThreadPoolExecutor.java:1136)
	at java.base/java.util.concurrent.ThreadPoolExecutor$Worker.run(ThreadPoolExecutor.java:635)
	at java.base/java.lang.Thread.run(Thread.java:833)
Caused by: java.util.NoSuchElementException: token 43 out of 43
	at scala.meta.tokens.Tokens.apply(Tokens.scala:37)
	at scala.meta.internal.parsers.ScannerTokens.nextToken(ScannerTokens.scala:366)
	at scala.meta.internal.parsers.ScannerTokens.nextToken(ScannerTokens.scala:356)
	at scala.meta.internal.parsers.LazyTokenIterator.getNextTokenRef(LazyTokenIterator.scala:25)
	at scala.meta.internal.parsers.LazyTokenIterator.peekToken(LazyTokenIterator.scala:69)
	at scala.meta.internal.parsers.ScalametaParser.peekToken(ScalametaParser.scala:175)
	at scala.meta.internal.parsers.ScalametaParser.otherMods$1(ScalametaParser.scala:3255)
	at scala.meta.internal.parsers.ScalametaParser.$anonfun$termParam$1(ScalametaParser.scala:3266)
	at scala.meta.internal.parsers.ScalametaParser.atPos(ScalametaParser.scala:319)
	at scala.meta.internal.parsers.ScalametaParser.autoPos(ScalametaParser.scala:365)
	at scala.meta.internal.parsers.ScalametaParser.termParam(ScalametaParser.scala:3241)
	at scala.meta.internal.parsers.ScalametaParser.$anonfun$termParamClausesOnParen$4(ScalametaParser.scala:3192)
	at scala.meta.internal.parsers.ScalametaParser.$anonfun$termParamClausesOnParen$4$adapted(ScalametaParser.scala:3192)
	at scala.meta.internal.parsers.ScalametaParser.iter$1(ScalametaParser.scala:646)
	at scala.meta.internal.parsers.ScalametaParser.$anonfun$tokenSeparated$1(ScalametaParser.scala:652)
	at scala.meta.internal.parsers.ScalametaParser.$anonfun$tokenSeparated$1$adapted(ScalametaParser.scala:639)
	at scala.meta.internal.parsers.ScalametaParser.scala$meta$internal$parsers$ScalametaParser$$listBy(ScalametaParser.scala:568)
	at scala.meta.internal.parsers.ScalametaParser.tokenSeparated(ScalametaParser.scala:639)
	at scala.meta.internal.parsers.ScalametaParser.commaSeparatedWithIndex(ScalametaParser.scala:659)
	at scala.meta.internal.parsers.ScalametaParser.parseParams$1(ScalametaParser.scala:3192)
	at scala.meta.internal.parsers.ScalametaParser.$anonfun$termParamClausesOnParen$2(ScalametaParser.scala:3203)
	at scala.meta.internal.parsers.ScalametaParser.scala$meta$internal$parsers$ScalametaParser$$inParensAfterOpenOr(ScalametaParser.scala:253)
	at scala.meta.internal.parsers.ScalametaParser.scala$meta$internal$parsers$ScalametaParser$$inParensOnOpenOr(ScalametaParser.scala:244)
	at scala.meta.internal.parsers.ScalametaParser.$anonfun$termParamClausesOnParen$1(ScalametaParser.scala:3205)
	at scala.meta.internal.parsers.ScalametaParser.atPos(ScalametaParser.scala:319)
	at scala.meta.internal.parsers.ScalametaParser.autoPos(ScalametaParser.scala:365)
	at scala.meta.internal.parsers.ScalametaParser.paramClause$1(ScalametaParser.scala:3205)
	at scala.meta.internal.parsers.ScalametaParser.$anonfun$termParamClausesOnParen$8(ScalametaParser.scala:3208)
	at scala.meta.internal.parsers.ScalametaParser.$anonfun$termParamClausesOnParen$8$adapted(ScalametaParser.scala:3207)
	at scala.meta.internal.parsers.ScalametaParser.scala$meta$internal$parsers$ScalametaParser$$listBy(ScalametaParser.scala:568)
	at scala.meta.internal.parsers.ScalametaParser.termParamClausesOnParen(ScalametaParser.scala:3207)
	at scala.meta.internal.parsers.ScalametaParser.$anonfun$memberParamClauseGroups$3(ScalametaParser.scala:3145)
	at scala.meta.internal.parsers.ScalametaParser.atPos(ScalametaParser.scala:319)
	at scala.meta.internal.parsers.ScalametaParser.autoPos(ScalametaParser.scala:365)
	at scala.meta.internal.parsers.ScalametaParser.$anonfun$memberParamClauseGroups$2(ScalametaParser.scala:3145)
	at scala.meta.internal.parsers.ScalametaParser.getAfterOptNewLine(ScalametaParser.scala:1462)
	at scala.meta.internal.parsers.ScalametaParser.iter$5(ScalametaParser.scala:3141)
	at scala.meta.internal.parsers.ScalametaParser.$anonfun$memberParamClauseGroups$1(ScalametaParser.scala:3167)
	at scala.meta.internal.parsers.ScalametaParser.$anonfun$memberParamClauseGroups$1$adapted(ScalametaParser.scala:3139)
	at scala.meta.internal.parsers.ScalametaParser.scala$meta$internal$parsers$ScalametaParser$$listBy(ScalametaParser.scala:568)
	at scala.meta.internal.parsers.ScalametaParser.memberParamClauseGroups(ScalametaParser.scala:3139)
	at scala.meta.internal.parsers.ScalametaParser.$anonfun$funDefRest$1(ScalametaParser.scala:3811)
	at scala.meta.internal.parsers.ScalametaParser.autoEndPos(ScalametaParser.scala:368)
	at scala.meta.internal.parsers.ScalametaParser.autoEndPos(ScalametaParser.scala:373)
	at scala.meta.internal.parsers.ScalametaParser.funDefRest(ScalametaParser.scala:3789)
	at scala.meta.internal.parsers.ScalametaParser.funDefOrDclOrExtensionOrSecondaryCtor(ScalametaParser.scala:3734)
	at scala.meta.internal.parsers.ScalametaParser.defOrDclOrSecondaryCtor(ScalametaParser.scala:3564)
	at scala.meta.internal.parsers.ScalametaParser.nonLocalDefOrDcl(ScalametaParser.scala:3543)
	at scala.meta.internal.parsers.ScalametaParser$$anonfun$2.applyOrElse(ScalametaParser.scala:4487)
	at scala.meta.internal.parsers.ScalametaParser$$anonfun$2.applyOrElse(ScalametaParser.scala:4471)
	at scala.PartialFunction.$anonfun$runWith$1(PartialFunction.scala:231)
	at scala.PartialFunction.$anonfun$runWith$1$adapted(PartialFunction.scala:230)
	at scala.meta.internal.parsers.ScalametaParser.statSeqBuf(ScalametaParser.scala:4462)
	at scala.meta.internal.parsers.ScalametaParser.$anonfun$batchSource$13(ScalametaParser.scala:4696)
	at scala.Option.getOrElse(Option.scala:201)
	at scala.meta.internal.parsers.ScalametaParser.$anonfun$batchSource$1(ScalametaParser.scala:4696)
	at scala.meta.internal.parsers.ScalametaParser.atPos(ScalametaParser.scala:319)
	at scala.meta.internal.parsers.ScalametaParser.autoPos(ScalametaParser.scala:365)
	at scala.meta.internal.parsers.ScalametaParser.batchSource(ScalametaParser.scala:4652)
	at scala.meta.internal.parsers.ScalametaParser.$anonfun$source$1(ScalametaParser.scala:4645)
	at scala.meta.internal.parsers.ScalametaParser.atPos(ScalametaParser.scala:319)
	at scala.meta.internal.parsers.ScalametaParser.autoPos(ScalametaParser.scala:365)
	at scala.meta.internal.parsers.ScalametaParser.source(ScalametaParser.scala:4645)
	at scala.meta.internal.parsers.ScalametaParser.entrypointSource(ScalametaParser.scala:4650)
	at scala.meta.internal.parsers.ScalametaParser.parseSourceImpl(ScalametaParser.scala:135)
	at scala.meta.internal.parsers.ScalametaParser.$anonfun$parseSource$1(ScalametaParser.scala:132)
	at scala.meta.internal.parsers.ScalametaParser.parseRuleAfterBOF(ScalametaParser.scala:59)
	at scala.meta.internal.parsers.ScalametaParser.parseRule(ScalametaParser.scala:54)
	at scala.meta.internal.parsers.ScalametaParser.parseSource(ScalametaParser.scala:132)
	at scala.meta.parsers.Parse$.$anonfun$parseSource$1(Parse.scala:29)
	at scala.meta.parsers.Parse$$anon$1.apply(Parse.scala:36)
	at scala.meta.parsers.Api$XtensionParseDialectInput.parse(Api.scala:25)
	at scala.meta.internal.parsing.Trees.$anonfun$parse$2(Trees.scala:139)
	at scala.Option.map(Option.scala:242)
	at scala.meta.internal.parsing.Trees.parse(Trees.scala:130)
	at scala.meta.internal.parsing.Trees.didChange(Trees.scala:100)
	at scala.meta.internal.metals.MetalsLspService.$anonfun$parseTreesAndPublishDiags$2(MetalsLspService.scala:859)
	at scala.runtime.java8.JFunction0$mcV$sp.apply(JFunction0$mcV$sp.scala:18)
	at scala.concurrent.Future$.$anonfun$apply$1(Future.scala:687)
	at scala.concurrent.impl.Promise$Transformation.run(Promise.scala:467)
	... 3 more

2023.12.14 11:46:36 INFO  compiling scala_bd2c96d2de (3 scala sources)[0m
2023.12.14 11:46:36 INFO  time: compiled scala_bd2c96d2de in 0.1s[0m
2023.12.14 11:46:37 ERROR scalafmt: /home/guest/fun/codewars/scala/Playground.scala:22: error: [dialect scala3] : expected but ) found
def f(x) = x +1
       ^[0m
2023.12.14 11:46:47 INFO  compiling scala_bd2c96d2de (3 scala sources)[0m
2023.12.14 11:46:47 WARN  Could not find semantic tokens for: file:///home/guest/fun/codewars/scala/Playground.scala[0m
2023.12.14 11:46:47 INFO  time: compiled scala_bd2c96d2de in 0.12s[0m
2023.12.14 11:46:48 WARN  Could not find semantic tokens for: file:///home/guest/fun/codewars/scala/Playground.scala[0m
2023.12.14 11:49:54 WARN  Could not find semantic tokens for: file:///home/guest/fun/codewars/scala/Playground.scala[0m
2023.12.14 11:50:00 INFO  compiling scala_bd2c96d2de (3 scala sources)[0m
2023.12.14 11:50:00 INFO  time: compiled scala_bd2c96d2de in 0.15s[0m
2023.12.14 11:50:25 INFO  compiling scala_bd2c96d2de (3 scala sources)[0m
2023.12.14 11:50:25 INFO  time: compiled scala_bd2c96d2de in 0.32s[0m
2023.12.14 11:50:30 INFO  compiling scala_bd2c96d2de (1 scala source)[0m
2023.12.14 11:50:30 INFO  time: compiled scala_bd2c96d2de in 0.13s[0m
2023.12.14 11:51:29 INFO  compiling scala_bd2c96d2de (1 scala source)[0m
2023.12.14 11:51:29 INFO  time: compiled scala_bd2c96d2de in 58ms[0m
2023.12.14 11:51:51 INFO  compiling scala_bd2c96d2de (1 scala source)[0m
2023.12.14 11:51:51 INFO  time: compiled scala_bd2c96d2de in 68ms[0m
2023.12.14 11:51:51 INFO  compiling scala_bd2c96d2de (1 scala source)[0m
2023.12.14 11:51:51 INFO  time: compiled scala_bd2c96d2de in 56ms[0m
2023.12.14 11:52:03 INFO  compiling scala_bd2c96d2de (1 scala source)[0m
2023.12.14 11:52:03 INFO  time: compiled scala_bd2c96d2de in 51ms[0m
2023.12.14 11:52:07 INFO  compiling scala_bd2c96d2de (1 scala source)[0m
2023.12.14 11:52:07 INFO  time: compiled scala_bd2c96d2de in 56ms[0m
2023.12.14 11:52:57 INFO  compiling scala_bd2c96d2de (1 scala source)[0m
2023.12.14 11:52:57 INFO  time: compiled scala_bd2c96d2de in 57ms[0m
2023.12.14 11:55:49 INFO  compiling scala_bd2c96d2de (1 scala source)[0m
2023.12.14 11:55:49 INFO  time: compiled scala_bd2c96d2de in 0.17s[0m
2023.12.14 14:07:17 INFO  compiling scala_bd2c96d2de (1 scala source)[0m
2023.12.14 14:07:17 INFO  time: compiled scala_bd2c96d2de in 79ms[0m
2023.12.14 14:07:17 INFO  compiling scala_bd2c96d2de (1 scala source)[0m
2023.12.14 14:07:17 INFO  time: compiled scala_bd2c96d2de in 60ms[0m
Dec 14, 2023 2:07:19 PM org.eclipse.lsp4j.jsonrpc.RemoteEndpoint fallbackResponseError
SEVERE: Internal error: java.lang.StringIndexOutOfBoundsException: begin 423, end 441, length 373
java.util.concurrent.CompletionException: java.lang.StringIndexOutOfBoundsException: begin 423, end 441, length 373
	at java.base/java.util.concurrent.CompletableFuture.encodeThrowable(CompletableFuture.java:332)
	at java.base/java.util.concurrent.CompletableFuture.completeThrowable(CompletableFuture.java:347)
	at java.base/java.util.concurrent.CompletableFuture$UniAccept.tryFire(CompletableFuture.java:708)
	at java.base/java.util.concurrent.CompletableFuture.postComplete(CompletableFuture.java:510)
	at java.base/java.util.concurrent.CompletableFuture.completeExceptionally(CompletableFuture.java:2162)
	at scala.meta.internal.metals.CancelTokens$.$anonfun$future$1(CancelTokens.scala:40)
	at scala.meta.internal.metals.CancelTokens$.$anonfun$future$1$adapted(CancelTokens.scala:38)
	at scala.concurrent.impl.Promise$Transformation.run(Promise.scala:484)
	at java.base/java.util.concurrent.ThreadPoolExecutor.runWorker(ThreadPoolExecutor.java:1136)
	at java.base/java.util.concurrent.ThreadPoolExecutor$Worker.run(ThreadPoolExecutor.java:635)
	at java.base/java.lang.Thread.run(Thread.java:833)
Caused by: java.lang.StringIndexOutOfBoundsException: begin 423, end 441, length 373
	at java.base/java.lang.String.checkBoundsBeginEnd(String.java:4606)
	at java.base/java.lang.String.substring(String.java:2709)
	at scala.meta.internal.metals.codeactions.FlatMapToForComprehensionCodeAction.getIndentForPos(FlatMapToForComprehensionCodeAction.scala:677)
	at scala.meta.internal.metals.codeactions.FlatMapToForComprehensionCodeAction.$anonfun$contribute$4(FlatMapToForComprehensionCodeAction.scala:57)
	at scala.Option.map(Option.scala:242)
	at scala.meta.internal.metals.codeactions.FlatMapToForComprehensionCodeAction.$anonfun$contribute$3(FlatMapToForComprehensionCodeAction.scala:53)
	at scala.Option.flatMap(Option.scala:283)
	at scala.meta.internal.metals.codeactions.FlatMapToForComprehensionCodeAction.$anonfun$contribute$2(FlatMapToForComprehensionCodeAction.scala:52)
	at scala.Option.flatMap(Option.scala:283)
	at scala.meta.internal.metals.codeactions.FlatMapToForComprehensionCodeAction.$anonfun$contribute$1(FlatMapToForComprehensionCodeAction.scala:51)
	at scala.concurrent.Future$.$anonfun$apply$1(Future.scala:687)
	at scala.concurrent.impl.Promise$Transformation.run(Promise.scala:467)
	... 3 more

Dec 14, 2023 2:07:20 PM org.eclipse.lsp4j.jsonrpc.RemoteEndpoint fallbackResponseError
SEVERE: Internal error: java.lang.StringIndexOutOfBoundsException: begin 423, end 441, length 375
java.util.concurrent.CompletionException: java.lang.StringIndexOutOfBoundsException: begin 423, end 441, length 375
	at java.base/java.util.concurrent.CompletableFuture.encodeThrowable(CompletableFuture.java:332)
	at java.base/java.util.concurrent.CompletableFuture.completeThrowable(CompletableFuture.java:347)
	at java.base/java.util.concurrent.CompletableFuture$UniAccept.tryFire(CompletableFuture.java:708)
	at java.base/java.util.concurrent.CompletableFuture.postComplete(CompletableFuture.java:510)
	at java.base/java.util.concurrent.CompletableFuture.completeExceptionally(CompletableFuture.java:2162)
	at scala.meta.internal.metals.CancelTokens$.$anonfun$future$1(CancelTokens.scala:40)
	at scala.meta.internal.metals.CancelTokens$.$anonfun$future$1$adapted(CancelTokens.scala:38)
	at scala.concurrent.impl.Promise$Transformation.run(Promise.scala:484)
	at java.base/java.util.concurrent.ThreadPoolExecutor.runWorker(ThreadPoolExecutor.java:1136)
	at java.base/java.util.concurrent.ThreadPoolExecutor$Worker.run(ThreadPoolExecutor.java:635)
	at java.base/java.lang.Thread.run(Thread.java:833)
Caused by: java.lang.StringIndexOutOfBoundsException: begin 423, end 441, length 375
	at java.base/java.lang.String.checkBoundsBeginEnd(String.java:4606)
	at java.base/java.lang.String.substring(String.java:2709)
	at scala.meta.internal.metals.codeactions.FlatMapToForComprehensionCodeAction.getIndentForPos(FlatMapToForComprehensionCodeAction.scala:677)
	at scala.meta.internal.metals.codeactions.FlatMapToForComprehensionCodeAction.$anonfun$contribute$4(FlatMapToForComprehensionCodeAction.scala:57)
	at scala.Option.map(Option.scala:242)
	at scala.meta.internal.metals.codeactions.FlatMapToForComprehensionCodeAction.$anonfun$contribute$3(FlatMapToForComprehensionCodeAction.scala:53)
	at scala.Option.flatMap(Option.scala:283)
	at scala.meta.internal.metals.codeactions.FlatMapToForComprehensionCodeAction.$anonfun$contribute$2(FlatMapToForComprehensionCodeAction.scala:52)
	at scala.Option.flatMap(Option.scala:283)
	at scala.meta.internal.metals.codeactions.FlatMapToForComprehensionCodeAction.$anonfun$contribute$1(FlatMapToForComprehensionCodeAction.scala:51)
	at scala.concurrent.Future$.$anonfun$apply$1(Future.scala:687)
	at scala.concurrent.impl.Promise$Transformation.run(Promise.scala:467)
	... 3 more

Dec 14, 2023 2:07:20 PM org.eclipse.lsp4j.jsonrpc.RemoteEndpoint fallbackResponseError
SEVERE: Internal error: java.lang.StringIndexOutOfBoundsException: begin 423, end 441, length 375
java.util.concurrent.CompletionException: java.lang.StringIndexOutOfBoundsException: begin 423, end 441, length 375
	at java.base/java.util.concurrent.CompletableFuture.encodeThrowable(CompletableFuture.java:332)
	at java.base/java.util.concurrent.CompletableFuture.completeThrowable(CompletableFuture.java:347)
	at java.base/java.util.concurrent.CompletableFuture$UniAccept.tryFire(CompletableFuture.java:708)
	at java.base/java.util.concurrent.CompletableFuture.postComplete(CompletableFuture.java:510)
	at java.base/java.util.concurrent.CompletableFuture.completeExceptionally(CompletableFuture.java:2162)
	at scala.meta.internal.metals.CancelTokens$.$anonfun$future$1(CancelTokens.scala:40)
	at scala.meta.internal.metals.CancelTokens$.$anonfun$future$1$adapted(CancelTokens.scala:38)
	at scala.concurrent.impl.Promise$Transformation.run(Promise.scala:484)
	at java.base/java.util.concurrent.ThreadPoolExecutor.runWorker(ThreadPoolExecutor.java:1136)
	at java.base/java.util.concurrent.ThreadPoolExecutor$Worker.run(ThreadPoolExecutor.java:635)
	at java.base/java.lang.Thread.run(Thread.java:833)
Caused by: java.lang.StringIndexOutOfBoundsException: begin 423, end 441, length 375
	at java.base/java.lang.String.checkBoundsBeginEnd(String.java:4606)
	at java.base/java.lang.String.substring(String.java:2709)
	at scala.meta.internal.metals.codeactions.FlatMapToForComprehensionCodeAction.getIndentForPos(FlatMapToForComprehensionCodeAction.scala:677)
	at scala.meta.internal.metals.codeactions.FlatMapToForComprehensionCodeAction.$anonfun$contribute$4(FlatMapToForComprehensionCodeAction.scala:57)
	at scala.Option.map(Option.scala:242)
	at scala.meta.internal.metals.codeactions.FlatMapToForComprehensionCodeAction.$anonfun$contribute$3(FlatMapToForComprehensionCodeAction.scala:53)
	at scala.Option.flatMap(Option.scala:283)
	at scala.meta.internal.metals.codeactions.FlatMapToForComprehensionCodeAction.$anonfun$contribute$2(FlatMapToForComprehensionCodeAction.scala:52)
	at scala.Option.flatMap(Option.scala:283)
	at scala.meta.internal.metals.codeactions.FlatMapToForComprehensionCodeAction.$anonfun$contribute$1(FlatMapToForComprehensionCodeAction.scala:51)
	at scala.concurrent.Future$.$anonfun$apply$1(Future.scala:687)
	at scala.concurrent.impl.Promise$Transformation.run(Promise.scala:467)
	... 3 more

2023.12.14 14:07:56 INFO  compiling scala_bd2c96d2de (1 scala source)[0m
2023.12.14 14:07:56 INFO  time: compiled scala_bd2c96d2de in 0.19s[0m
2023.12.14 14:08:03 INFO  compiling scala_bd2c96d2de (1 scala source)[0m
2023.12.14 14:08:03 INFO  time: compiled scala_bd2c96d2de in 0.15s[0m
2023.12.14 14:09:37 INFO  compiling scala_bd2c96d2de (1 scala source)[0m
2023.12.14 14:09:37 INFO  time: compiled scala_bd2c96d2de in 0.15s[0m
2023.12.14 14:39:32 WARN  Could not find semantic tokens for: file:///home/guest/fun/codewars/scala/Playground.scala[0m
2023.12.14 14:39:33 WARN  Could not find semantic tokens for: file:///home/guest/fun/codewars/scala/Playground.scala[0m
2023.12.14 14:39:35 WARN  Could not find semantic tokens for: file:///home/guest/fun/codewars/scala/Playground.scala[0m
2023.12.14 14:39:36 WARN  Could not find semantic tokens for: file:///home/guest/fun/codewars/scala/Playground.scala[0m
2023.12.14 14:39:37 WARN  Could not find semantic tokens for: file:///home/guest/fun/codewars/scala/Playground.scala[0m
2023.12.14 14:39:38 WARN  Could not find semantic tokens for: file:///home/guest/fun/codewars/scala/Playground.scala[0m
2023.12.14 14:41:19 INFO  compiling scala_bd2c96d2de (1 scala source)[0m
2023.12.14 14:41:19 INFO  time: compiled scala_bd2c96d2de in 0.23s[0m
2023.12.14 14:42:28 INFO  compiling scala_bd2c96d2de (1 scala source)[0m
2023.12.14 14:42:28 INFO  time: compiled scala_bd2c96d2de in 0.18s[0m
2023.12.14 14:42:32 INFO  compiling scala_bd2c96d2de (1 scala source)[0m
2023.12.14 14:42:32 INFO  time: compiled scala_bd2c96d2de in 0.18s[0m
2023.12.14 14:42:50 INFO  compiling scala_bd2c96d2de (1 scala source)[0m
2023.12.14 14:42:50 INFO  time: compiled scala_bd2c96d2de in 0.29s[0m
2023.12.14 14:42:51 INFO  compiling scala_bd2c96d2de (1 scala source)[0m
2023.12.14 14:42:51 INFO  time: compiled scala_bd2c96d2de in 32ms[0m
2023.12.14 14:42:53 INFO  compiling scala_bd2c96d2de (1 scala source)[0m
2023.12.14 14:42:53 INFO  time: compiled scala_bd2c96d2de in 0.42s[0m
2023.12.14 14:43:15 INFO  compiling scala_bd2c96d2de (1 scala source)[0m
2023.12.14 14:43:15 INFO  time: compiled scala_bd2c96d2de in 0.3s[0m
2023.12.14 14:43:25 INFO  compiling scala_bd2c96d2de (1 scala source)[0m
2023.12.14 14:43:25 INFO  time: compiled scala_bd2c96d2de in 0.21s[0m
